============================================================
  Generated by:           Genus(TM) Synthesis Solution 18.10-p003_1
  Generated on:           Dec 08 2022  12:54:56 pm
  Module:                 uart_top
  Operating conditions:   PVT_0P9V_125C 
  Interconnect mode:      global
  Area mode:              physical library
============================================================

                                        Leakage    Dynamic     Total   
            Instance             Cells Power(nW)  Power(nW)  Power(nW) 
-----------------------------------------------------------------------
uart_top                           772    60.819 172490.052 172550.870 
  ins_uart_transceiver_B           386    30.415  87250.682  87281.098 
    ins_rx_wrapper                 197    19.437  60900.810  60920.247 
      ins_rx_buffer                 67    11.235  44449.732  44460.967 
      ins_rx_fsm                    74     5.135  11368.789  11373.924 
      ins_sampli..ick_generator     56     3.067   5082.288   5085.355 
    ins_tx_wrapper                 189    10.979  26349.873  26360.851 
      ins_tx_fsm                    94     5.124  14188.375  14193.500 
      ins_tx_buffer                 53     3.228   7822.657   7825.885 
      ins_sampli..ick_generator     42     2.626   4338.840   4341.466 
  ins_uart_transceiver_A           386    30.403  80046.763  80077.167 
    ins_rx_wrapper                 197    19.422  54041.240  54060.663 
      ins_rx_buffer                 67    11.223  37609.104  37620.327 
      ins_rx_fsm                    74     5.146  12300.830  12305.977 
      ins_sampli..ick_generator     56     3.053   4131.306   4134.359 
    ins_tx_wrapper                 189    10.981  26005.523  26016.504 
      ins_tx_fsm                    94     5.117  13676.204  13681.321 
      ins_tx_buffer                 53     3.232   8467.156   8470.388 
      ins_sampli..ick_generator     42     2.632   3862.163   3864.795 

