============================================================
  Generated by:           Genus(TM) Synthesis Solution 18.10-p003_1
  Generated on:           Dec 22 2022  11:42:32 am
  Module:                 uart_top
  Technology libraries:   slow_vdd1v0 1.0
                          physical_cells 
  Operating conditions:   PVT_0P9V_125C 
  Interconnect mode:      global
  Area mode:              physical library
============================================================

             Instance                                   Module                        Cell Count  Cell Area  Net Area   Total Area 
-----------------------------------------------------------------------------------------------------------------------------------
uart_top                                                                                     764   2570.472   987.659     3558.131 
  ins_uart_transceiver_B          uart_transceiver_CLOCK_IN_MHZ100_TX_WORD_LENGTH8_T         382   1285.236   443.179     1728.415 
    ins_rx_wrapper                rx_wrapper_NO_OF_WORS_IN_BUFFER1_NO_OF_DATA_BITS8_         191    717.516   214.481      931.997 
      ins_rx_buffer               rx_buffer_WORD_SIZE8_NO_OF_WORDS1_1                         70    336.186    69.809      405.995 
      ins_rx_fsm                  rx_fsm_NO_OF_DATA_BITS8_PARITY_ENABLED32h54525545_          75    214.776    81.136      295.912 
      ins_sampling_tick_generator sampling_tick_generator_BAUD115200_CLOCK_IN_MHZ100          46    166.554    52.608      219.162 
    ins_tx_wrapper                tx_wrapper_NO_OF_WORDS_IN_BUFFER1_NO_OF_DATA_BITS8         191    567.720   228.698      796.418 
      ins_tx_fsm                  tx_fsm_NO_OF_DATA_BITS8_PARITY_ENABLED32h54525545_          96    250.002   108.999      359.001 
      ins_tx_buffer               tx_buffer_WORD_SIZE8_NO_OF_WORDS1_1                         53    162.108    56.580      218.688 
      ins_sampling_tick_generator sampling_tick_generator_BAUD115200_CLOCK_IN_MHZ100          42    155.610    50.023      205.633 
  ins_uart_transceiver_A          uart_transceiver_CLOCK_IN_MHZ100_TX_WORD_LENGTH8_T         382   1285.236   443.179     1728.415 
    ins_rx_wrapper                rx_wrapper_NO_OF_WORS_IN_BUFFER1_NO_OF_DATA_BITS8_         191    717.516   214.481      931.997 
      ins_rx_buffer               rx_buffer_WORD_SIZE8_NO_OF_WORDS1                           70    336.186    69.809      405.995 
      ins_rx_fsm                  rx_fsm_NO_OF_DATA_BITS8_PARITY_ENABLED32h54525545_          75    214.776    81.136      295.912 
      ins_sampling_tick_generator sampling_tick_generator_BAUD115200_CLOCK_IN_MHZ100          46    166.554    52.608      219.162 
    ins_tx_wrapper                tx_wrapper_NO_OF_WORDS_IN_BUFFER1_NO_OF_DATA_BITS8         191    567.720   228.698      796.418 
      ins_tx_fsm                  tx_fsm_NO_OF_DATA_BITS8_PARITY_ENABLED32h54525545_          96    250.002   108.999      359.001 
      ins_tx_buffer               tx_buffer_WORD_SIZE8_NO_OF_WORDS1                           53    162.108    56.580      218.688 
      ins_sampling_tick_generator sampling_tick_generator_BAUD115200_CLOCK_IN_MHZ100          42    155.610    50.023      205.633 
