Cadence Genus(TM) Synthesis Solution.
Copyright 2018 Cadence Design Systems, Inc. All rights reserved worldwide.
Cadence and the Cadence logo are registered trademarks and Genus is a trademark
of Cadence Design Systems, Inc. in the United States and other countries.

Version: 18.10-p003_1, built Thu Jun 07 23:53:27 +0530 2018
Options: 
Date:    Wed Nov 30 11:58:32 2022
Host:    aed (x86_64 w/Linux 3.10.0-1160.53.1.el7.x86_64) (4cores*8cpus*1physical cpu*Intel(R) Core(TM) i7-4770 CPU @ 3.40GHz 8192KB) (16175824KB)
OS:      CentOS Linux release 7.9.2009 (Core)

Checking out license: Genus_Synthesis

Loading tool scripts...

Finished loading tool scripts (5 seconds elapsed).

WARNING: This version of the tool is 1636 days old.

Another Ctrl-C within 1 second will terminate the tool.
@genus:root: 1> 
@genus:root: 1> 
@genus:root: 1> set_db init_lib_search_path [list ../input/libs/gsclib045/lef ../input/libs/gsclib045/timing ../input/libs/gsclib045/qrc/qx]
  Setting attribute of root '/': 'init_lib_search_path' = ../input/libs/gsclib045/lef ../input/libs/gsclib045/timing ../input/libs/gsclib045/qrc/qx
1 {../input/libs/gsclib045/lef ../input/libs/gsclib045/timing ../input/libs/gsclib045/qrc/qx}
@genus:root: 2> set_db library {slow_vdd1v0_basicCells.lib fast _vdd1v0_basicCells.lib}
Error   : File error. [FILE-100] [set_db]
        : Cannot open file 'fast'
        : Make sure that the file is a readable regular file and has the specified name.
Error   : File error. [FILE-100] [set_db]
        : Cannot open file '_vdd1v0_basicCells.lib'
Error   : A library file does not exist. [LBR-68] [set_db]
        : File 'fast _vdd1v0_basicCells.lib' could not be found. File '<none>' was the last file that was successfully read in.
        : Make sure that the library file exists or check for a typo in the file name.
Error   : The data value for this attribute is invalid. [TUI-24] [set_db]
        : The value 'slow_vdd1v0_basicCells.lib fast _vdd1v0_basicCells.lib' cannot be set for attribute 'library'.
        : To see the usage/description for this attribute, type '::legacy::set_attribute -h <attr_name> *' (in legacy UI mode) or 'help * <attr_name> -detail' (in CUI mode).
1
@genus:root: 3> set_db library {slow_vdd1v0_basicCells.lib fast _vdd1v0_basicCells.lib}
Error   : File error. [FILE-100] [set_db]
        : Cannot open file 'fast'
Error   : File error. [FILE-100] [set_db]
        : Cannot open file '_vdd1v0_basicCells.lib'
Error   : A library file does not exist. [LBR-68] [set_db]
        : File 'fast _vdd1v0_basicCells.lib' could not be found. File '<none>' was the last file that was successfully read in.
Error   : The data value for this attribute is invalid. [TUI-24] [set_db]
        : The value 'slow_vdd1v0_basicCells.lib fast _vdd1v0_basicCells.lib' cannot be set for attribute 'library'.
1
@genus:root: 4> set_db library {slow_vdd1v0_basicCells.lib fast_vdd1v0_basicCells.lib}

Threads Configured:6

  Message Summary for Library both libraries:
  *******************************************
  Could not find an attribute in the library. [LBR-436]: 1148
  Missing a function attribute in the output pin definition. [LBR-518]: 2
  *******************************************
 
Warning : Libraries have inconsistent nominal operating conditions. [LBR-38]
        : The libraries are 'slow_vdd1v0' and 'fast_vdd1v0'.
        : This is a common source of delay calculation confusion and is strongly discouraged.
Info    : Created nominal operating condition. [LBR-412]
        : Operating condition '_nominal_' was created for the PVT values (1.000000, 0.900000, 125.000000) in library 'slow_vdd1v0_basicCells.lib'.
        : The nominal operating condition represents either the nominal PVT values if specified in the library source, or the default PVT values (1.0, 1.0, 1.0).
Info    : Created nominal operating condition. [LBR-412]
        : Operating condition '_nominal_' was created for the PVT values (1.000000, 1.100000, 0.000000) in library 'fast_vdd1v0_basicCells.lib'.
Warning : Library cell has no output pins defined. [LBR-9]
        : Library cell 'ANTENNA' must have an output pin.
        : Add the missing output pin(s), then reload the library. Otherwise, the library cell will be marked as unusable and as timing model.
Warning : Library cell has no output pins defined. [LBR-9]
        : Library cell 'ANTENNA' must have an output pin.
Warning : Library cell has no output pins defined. [LBR-9]
        : Library cell 'DECAP10' must have an output pin.
Warning : Library cell has no output pins defined. [LBR-9]
        : Library cell 'DECAP10' must have an output pin.
Warning : Library cell has no output pins defined. [LBR-9]
        : Library cell 'DECAP2' must have an output pin.
Warning : Library cell has no output pins defined. [LBR-9]
        : Library cell 'DECAP2' must have an output pin.
Warning : Library cell has no output pins defined. [LBR-9]
        : Library cell 'DECAP3' must have an output pin.
Warning : Library cell has no output pins defined. [LBR-9]
        : Library cell 'DECAP3' must have an output pin.
Warning : Library cell has no output pins defined. [LBR-9]
        : Library cell 'DECAP4' must have an output pin.
Warning : Library cell has no output pins defined. [LBR-9]
        : Library cell 'DECAP4' must have an output pin.
Warning : Library cell has no output pins defined. [LBR-9]
        : Library cell 'DECAP5' must have an output pin.
Warning : Library cell has no output pins defined. [LBR-9]
        : Library cell 'DECAP5' must have an output pin.
Warning : Library cell has no output pins defined. [LBR-9]
        : Library cell 'DECAP6' must have an output pin.
Warning : Library cell has no output pins defined. [LBR-9]
        : Library cell 'DECAP6' must have an output pin.
Warning : Library cell has no output pins defined. [LBR-9]
        : Library cell 'DECAP7' must have an output pin.
Warning : Library cell has no output pins defined. [LBR-9]
        : Library cell 'DECAP7' must have an output pin.
Warning : Library cell has no output pins defined. [LBR-9]
        : Library cell 'DECAP8' must have an output pin.
Warning : Library cell has no output pins defined. [LBR-9]
        : Library cell 'DECAP8' must have an output pin.
Warning : Library cell has no output pins defined. [LBR-9]
        : Library cell 'DECAP9' must have an output pin.
Warning : Library cell has no output pins defined. [LBR-9]
        : Library cell 'DECAP9' must have an output pin.
Warning : Multiply-defined library cell. [LBR-22]
        : Library-cell name collision (slow_vdd1v0/ACHCONX2 and fast_vdd1v0/ACHCONX2).  Deleting (fast_vdd1v0/ACHCONX2).
        : Library cell names must be unique.  Any duplicates will be deleted.  Only the first (as determined by the order of libraries) will be retained.
Warning : Multiply-defined library cell. [LBR-22]
        : Library-cell name collision (slow_vdd1v0/ADDFHX1 and fast_vdd1v0/ADDFHX1).  Deleting (fast_vdd1v0/ADDFHX1).
Warning : Multiply-defined library cell. [LBR-22]
        : Library-cell name collision (slow_vdd1v0/ADDFHX2 and fast_vdd1v0/ADDFHX2).  Deleting (fast_vdd1v0/ADDFHX2).
Warning : Multiply-defined library cell. [LBR-22]
        : Library-cell name collision (slow_vdd1v0/ADDFHX4 and fast_vdd1v0/ADDFHX4).  Deleting (fast_vdd1v0/ADDFHX4).
Warning : Multiply-defined library cell. [LBR-22]
        : Library-cell name collision (slow_vdd1v0/ADDFHXL and fast_vdd1v0/ADDFHXL).  Deleting (fast_vdd1v0/ADDFHXL).
Warning : Multiply-defined library cell. [LBR-22]
        : Library-cell name collision (slow_vdd1v0/ADDFX1 and fast_vdd1v0/ADDFX1).  Deleting (fast_vdd1v0/ADDFX1).
Warning : Multiply-defined library cell. [LBR-22]
        : Library-cell name collision (slow_vdd1v0/ADDFX2 and fast_vdd1v0/ADDFX2).  Deleting (fast_vdd1v0/ADDFX2).
Warning : Multiply-defined library cell. [LBR-22]
        : Library-cell name collision (slow_vdd1v0/ADDFX4 and fast_vdd1v0/ADDFX4).  Deleting (fast_vdd1v0/ADDFX4).
Warning : Multiply-defined library cell. [LBR-22]
        : Library-cell name collision (slow_vdd1v0/ADDFXL and fast_vdd1v0/ADDFXL).  Deleting (fast_vdd1v0/ADDFXL).
Warning : Multiply-defined library cell. [LBR-22]
        : Library-cell name collision (slow_vdd1v0/ADDHX1 and fast_vdd1v0/ADDHX1).  Deleting (fast_vdd1v0/ADDHX1).
Warning : Multiply-defined library cell. [LBR-22]
        : Library-cell name collision (slow_vdd1v0/ADDHX2 and fast_vdd1v0/ADDHX2).  Deleting (fast_vdd1v0/ADDHX2).
Warning : Multiply-defined library cell. [LBR-22]
        : Library-cell name collision (slow_vdd1v0/ADDHX4 and fast_vdd1v0/ADDHX4).  Deleting (fast_vdd1v0/ADDHX4).
Warning : Multiply-defined library cell. [LBR-22]
        : Library-cell name collision (slow_vdd1v0/ADDHXL and fast_vdd1v0/ADDHXL).  Deleting (fast_vdd1v0/ADDHXL).
Warning : Multiply-defined library cell. [LBR-22]
        : Library-cell name collision (slow_vdd1v0/AND2X1 and fast_vdd1v0/AND2X1).  Deleting (fast_vdd1v0/AND2X1).
Warning : Multiply-defined library cell. [LBR-22]
        : Library-cell name collision (slow_vdd1v0/AND2X2 and fast_vdd1v0/AND2X2).  Deleting (fast_vdd1v0/AND2X2).
Warning : Multiply-defined library cell. [LBR-22]
        : Library-cell name collision (slow_vdd1v0/AND2X4 and fast_vdd1v0/AND2X4).  Deleting (fast_vdd1v0/AND2X4).
Warning : Multiply-defined library cell. [LBR-22]
        : Library-cell name collision (slow_vdd1v0/AND2X6 and fast_vdd1v0/AND2X6).  Deleting (fast_vdd1v0/AND2X6).
Warning : Multiply-defined library cell. [LBR-22]
        : Library-cell name collision (slow_vdd1v0/AND2X8 and fast_vdd1v0/AND2X8).  Deleting (fast_vdd1v0/AND2X8).
Warning : Multiply-defined library cell. [LBR-22]
        : Library-cell name collision (slow_vdd1v0/AND2XL and fast_vdd1v0/AND2XL).  Deleting (fast_vdd1v0/AND2XL).
Warning : Multiply-defined library cell. [LBR-22]
        : Library-cell name collision (slow_vdd1v0/AND3X1 and fast_vdd1v0/AND3X1).  Deleting (fast_vdd1v0/AND3X1).
  Setting attribute of root '/': 'library' = slow_vdd1v0_basicCells.lib fast_vdd1v0_basicCells.lib
1 {slow_vdd1v0_basicCells.lib fast_vdd1v0_basicCells.lib}
@genus:root: 5> set_db lef_library {gsclib045_tech.lef gsclib045_macro.lef gsclib045_multibitsDFF.lef}
Info    : Via with no resistance will have a value of '0.0' assigned. [PHYS-129]
        : Via 'M2_M1_HV' has no resistance value.
Info    : Via with no resistance will have a value of '0.0' assigned. [PHYS-129]
        : Via 'M2_M1_VV' has no resistance value.
Info    : Via with no resistance will have a value of '0.0' assigned. [PHYS-129]
        : Via 'M2_M1_VH' has no resistance value.
Info    : Via with no resistance will have a value of '0.0' assigned. [PHYS-129]
        : Via 'M2_M1_HH' has no resistance value.
Info    : Via with no resistance will have a value of '0.0' assigned. [PHYS-129]
        : Via 'M2_M1_2x1_HV_E' has no resistance value.
Info    : Via with no resistance will have a value of '0.0' assigned. [PHYS-129]
        : Via 'M2_M1_2x1_HV_W' has no resistance value.
Info    : Via with no resistance will have a value of '0.0' assigned. [PHYS-129]
        : Via 'M2_M1_1x2_HV_N' has no resistance value.
Info    : Via with no resistance will have a value of '0.0' assigned. [PHYS-129]
        : Via 'M2_M1_1x2_HV_S' has no resistance value.
Info    : Via with no resistance will have a value of '0.0' assigned. [PHYS-129]
        : Via 'M3_M2_VH' has no resistance value.
Info    : Via with no resistance will have a value of '0.0' assigned. [PHYS-129]
        : Via 'M3_M2_HH' has no resistance value.
Info    : Via with no resistance will have a value of '0.0' assigned. [PHYS-129]
        : Via 'M3_M2_HV' has no resistance value.
Info    : Via with no resistance will have a value of '0.0' assigned. [PHYS-129]
        : Via 'M3_M2_VV' has no resistance value.
Info    : Via with no resistance will have a value of '0.0' assigned. [PHYS-129]
        : Via 'M3_M2_M_NH' has no resistance value.
Info    : Via with no resistance will have a value of '0.0' assigned. [PHYS-129]
        : Via 'M3_M2_M_SH' has no resistance value.
Info    : Via with no resistance will have a value of '0.0' assigned. [PHYS-129]
        : Via 'M3_M2_2x1_VH_E' has no resistance value.
Info    : Via with no resistance will have a value of '0.0' assigned. [PHYS-129]
        : Via 'M3_M2_2x1_VH_W' has no resistance value.
Info    : Via with no resistance will have a value of '0.0' assigned. [PHYS-129]
        : Via 'M3_M2_1x2_VH_N' has no resistance value.
Info    : Via with no resistance will have a value of '0.0' assigned. [PHYS-129]
        : Via 'M3_M2_1x2_VH_S' has no resistance value.
Info    : Via with no resistance will have a value of '0.0' assigned. [PHYS-129]
        : Via 'M4_M3_HV' has no resistance value.
Info    : Via with no resistance will have a value of '0.0' assigned. [PHYS-129]
        : Via 'M4_M3_VV' has no resistance value.
Info    : Via with no resistance will have a value of '0.0' assigned. [PHYS-129]
        : Via 'M4_M3_VH' has no resistance value.
Info    : Via with no resistance will have a value of '0.0' assigned. [PHYS-129]
        : Via 'M4_M3_HH' has no resistance value.
Info    : Via with no resistance will have a value of '0.0' assigned. [PHYS-129]
        : Via 'M4_M3_M_EV' has no resistance value.
Info    : Via with no resistance will have a value of '0.0' assigned. [PHYS-129]
        : Via 'M4_M3_M_WV' has no resistance value.
Info    : Via with no resistance will have a value of '0.0' assigned. [PHYS-129]
        : Via 'M4_M3_2x1_HV_E' has no resistance value.
Info    : Via with no resistance will have a value of '0.0' assigned. [PHYS-129]
        : Via 'M4_M3_2x1_HV_W' has no resistance value.
Info    : Via with no resistance will have a value of '0.0' assigned. [PHYS-129]
        : Via 'M4_M3_1x2_HV_N' has no resistance value.
Info    : Via with no resistance will have a value of '0.0' assigned. [PHYS-129]
        : Via 'M4_M3_1x2_HV_S' has no resistance value.
Info    : Via with no resistance will have a value of '0.0' assigned. [PHYS-129]
        : Via 'M5_M4_VH' has no resistance value.
Info    : Via with no resistance will have a value of '0.0' assigned. [PHYS-129]
        : Via 'M5_M4_HH' has no resistance value.
Info    : Via with no resistance will have a value of '0.0' assigned. [PHYS-129]
        : Via 'M5_M4_HV' has no resistance value.
Info    : Via with no resistance will have a value of '0.0' assigned. [PHYS-129]
        : Via 'M5_M4_VV' has no resistance value.
Info    : Via with no resistance will have a value of '0.0' assigned. [PHYS-129]
        : Via 'M5_M4_M_NH' has no resistance value.
Info    : Via with no resistance will have a value of '0.0' assigned. [PHYS-129]
        : Via 'M5_M4_M_SH' has no resistance value.
Info    : Via with no resistance will have a value of '0.0' assigned. [PHYS-129]
        : Via 'M5_M4_2x1_VH_E' has no resistance value.
Info    : Via with no resistance will have a value of '0.0' assigned. [PHYS-129]
        : Via 'M5_M4_2x1_VH_W' has no resistance value.
Info    : Via with no resistance will have a value of '0.0' assigned. [PHYS-129]
        : Via 'M5_M4_1x2_VH_N' has no resistance value.
Info    : Via with no resistance will have a value of '0.0' assigned. [PHYS-129]
        : Via 'M5_M4_1x2_VH_S' has no resistance value.
Info    : Via with no resistance will have a value of '0.0' assigned. [PHYS-129]
        : Via 'M6_M5_HV' has no resistance value.
Info    : Via with no resistance will have a value of '0.0' assigned. [PHYS-129]
        : Via 'M6_M5_VV' has no resistance value.
Info    : Via with no resistance will have a value of '0.0' assigned. [PHYS-129]
        : Via 'M6_M5_VH' has no resistance value.
Info    : Via with no resistance will have a value of '0.0' assigned. [PHYS-129]
        : Via 'M6_M5_HH' has no resistance value.
Info    : Via with no resistance will have a value of '0.0' assigned. [PHYS-129]
        : Via 'M6_M5_M_EV' has no resistance value.
Info    : Via with no resistance will have a value of '0.0' assigned. [PHYS-129]
        : Via 'M6_M5_M_WV' has no resistance value.
Info    : Via with no resistance will have a value of '0.0' assigned. [PHYS-129]
        : Via 'M6_M5_2x1_HV_E' has no resistance value.
Info    : Via with no resistance will have a value of '0.0' assigned. [PHYS-129]
        : Via 'M6_M5_2x1_HV_W' has no resistance value.
Info    : Via with no resistance will have a value of '0.0' assigned. [PHYS-129]
        : Via 'M6_M5_1x2_HV_N' has no resistance value.
Info    : Via with no resistance will have a value of '0.0' assigned. [PHYS-129]
        : Via 'M6_M5_1x2_HV_S' has no resistance value.
Info    : Via with no resistance will have a value of '0.0' assigned. [PHYS-129]
        : Via 'M7_M6_VH' has no resistance value.
Info    : Via with no resistance will have a value of '0.0' assigned. [PHYS-129]
        : Via 'M7_M6_HH' has no resistance value.
Info    : Via with no resistance will have a value of '0.0' assigned. [PHYS-129]
        : Via 'M7_M6_HV' has no resistance value.
Info    : Via with no resistance will have a value of '0.0' assigned. [PHYS-129]
        : Via 'M7_M6_VV' has no resistance value.
Info    : Via with no resistance will have a value of '0.0' assigned. [PHYS-129]
        : Via 'M7_M6_M_NH' has no resistance value.
Info    : Via with no resistance will have a value of '0.0' assigned. [PHYS-129]
        : Via 'M7_M6_M_SH' has no resistance value.
Info    : Via with no resistance will have a value of '0.0' assigned. [PHYS-129]
        : Via 'M7_M6_2x1_VH_E' has no resistance value.
Info    : Via with no resistance will have a value of '0.0' assigned. [PHYS-129]
        : Via 'M7_M6_2x1_VH_W' has no resistance value.
Info    : Via with no resistance will have a value of '0.0' assigned. [PHYS-129]
        : Via 'M7_M6_1x2_VH_N' has no resistance value.
Info    : Via with no resistance will have a value of '0.0' assigned. [PHYS-129]
        : Via 'M7_M6_1x2_VH_S' has no resistance value.
Info    : Via with no resistance will have a value of '0.0' assigned. [PHYS-129]
        : Via 'M8_M7_HV' has no resistance value.
Info    : Via with no resistance will have a value of '0.0' assigned. [PHYS-129]
        : Via 'M8_M7_VV' has no resistance value.
Info    : Via with no resistance will have a value of '0.0' assigned. [PHYS-129]
        : Via 'M8_M7_VH' has no resistance value.
Info    : Via with no resistance will have a value of '0.0' assigned. [PHYS-129]
        : Via 'M8_M7_HH' has no resistance value.
Info    : Via with no resistance will have a value of '0.0' assigned. [PHYS-129]
        : Via 'M8_M7_M_EV' has no resistance value.
Info    : Via with no resistance will have a value of '0.0' assigned. [PHYS-129]
        : Via 'M8_M7_M_WV' has no resistance value.
Info    : Via with no resistance will have a value of '0.0' assigned. [PHYS-129]
        : Via 'M8_M7_2x1_HV_E' has no resistance value.
Info    : Via with no resistance will have a value of '0.0' assigned. [PHYS-129]
        : Via 'M8_M7_2x1_HV_W' has no resistance value.
Info    : Via with no resistance will have a value of '0.0' assigned. [PHYS-129]
        : Via 'M8_M7_1x2_HV_N' has no resistance value.
Info    : Via with no resistance will have a value of '0.0' assigned. [PHYS-129]
        : Via 'M8_M7_1x2_HV_S' has no resistance value.
Info    : Via with no resistance will have a value of '0.0' assigned. [PHYS-129]
        : Via 'M9_M8_VH' has no resistance value.
Info    : Via with no resistance will have a value of '0.0' assigned. [PHYS-129]
        : Via 'M9_M8_HH' has no resistance value.
Info    : Via with no resistance will have a value of '0.0' assigned. [PHYS-129]
        : Via 'M9_M8_HV' has no resistance value.
Info    : Via with no resistance will have a value of '0.0' assigned. [PHYS-129]
        : Via 'M9_M8_VV' has no resistance value.
Info    : Via with no resistance will have a value of '0.0' assigned. [PHYS-129]
        : Via 'M9_M8_M_NH' has no resistance value.
Info    : Via with no resistance will have a value of '0.0' assigned. [PHYS-129]
        : Via 'M9_M8_M_SH' has no resistance value.
Info    : Via with no resistance will have a value of '0.0' assigned. [PHYS-129]
        : Via 'M9_M8_2x1_VH_E' has no resistance value.
Info    : Via with no resistance will have a value of '0.0' assigned. [PHYS-129]
        : Via 'M9_M8_2x1_VH_W' has no resistance value.
Info    : Via with no resistance will have a value of '0.0' assigned. [PHYS-129]
        : Via 'M9_M8_1x2_VH_N' has no resistance value.
Info    : Via with no resistance will have a value of '0.0' assigned. [PHYS-129]
        : Via 'M9_M8_1x2_VH_S' has no resistance value.
Info    : Via with no resistance will have a value of '0.0' assigned. [PHYS-129]
        : Via 'M10_M9_HV' has no resistance value.
Info    : Via with no resistance will have a value of '0.0' assigned. [PHYS-129]
        : Via 'M10_M9_VV' has no resistance value.
Info    : Via with no resistance will have a value of '0.0' assigned. [PHYS-129]
        : Via 'M10_M9_VH' has no resistance value.
Info    : Via with no resistance will have a value of '0.0' assigned. [PHYS-129]
        : Via 'M10_M9_HH' has no resistance value.
Info    : Via with no resistance will have a value of '0.0' assigned. [PHYS-129]
        : Via 'M10_M9_2x1_HV_E' has no resistance value.
Info    : Via with no resistance will have a value of '0.0' assigned. [PHYS-129]
        : Via 'M10_M9_2x1_HV_W' has no resistance value.
Info    : Via with no resistance will have a value of '0.0' assigned. [PHYS-129]
        : Via 'M10_M9_1x2_HV_N' has no resistance value.
Info    : Via with no resistance will have a value of '0.0' assigned. [PHYS-129]
        : Via 'M10_M9_1x2_HV_S' has no resistance value.
Info    : Via with no resistance will have a value of '0.0' assigned. [PHYS-129]
        : Via 'M11_M10_VH' has no resistance value.
Info    : Via with no resistance will have a value of '0.0' assigned. [PHYS-129]
        : Via 'M11_M10_HH' has no resistance value.
Info    : Via with no resistance will have a value of '0.0' assigned. [PHYS-129]
        : Via 'M11_M10_HV' has no resistance value.
Info    : Via with no resistance will have a value of '0.0' assigned. [PHYS-129]
        : Via 'M11_M10_VV' has no resistance value.
Info    : Via with no resistance will have a value of '0.0' assigned. [PHYS-129]
        : Via 'M11_M10_M_NH' has no resistance value.
Info    : Via with no resistance will have a value of '0.0' assigned. [PHYS-129]
        : Via 'M11_M10_M_SH' has no resistance value.
Info    : Via with no resistance will have a value of '0.0' assigned. [PHYS-129]
        : Via 'M11_M10_2x1_VH_E' has no resistance value.
Info    : Via with no resistance will have a value of '0.0' assigned. [PHYS-129]
        : Via 'M11_M10_2x1_VH_W' has no resistance value.
Info    : Via with no resistance will have a value of '0.0' assigned. [PHYS-129]
        : Via 'M11_M10_1x2_VH_N' has no resistance value.
Info    : Via with no resistance will have a value of '0.0' assigned. [PHYS-129]
        : Via 'M11_M10_1x2_VH_S' has no resistance value.
Info    : Via with no resistance will have a value of '0.0' assigned. [PHYS-129]
        : Via 'M2_M1_2x1_HH_E' has no resistance value.
Info    : Via with no resistance will have a value of '0.0' assigned. [PHYS-129]
        : Via 'M2_M1_2x1_HH_W' has no resistance value.
Info    : Via with no resistance will have a value of '0.0' assigned. [PHYS-129]
        : Via 'M2_M1_2x1_HH_C' has no resistance value.
Info    : Via with no resistance will have a value of '0.0' assigned. [PHYS-129]
        : Via 'M2_M1_1x2_VV_N' has no resistance value.
Info    : Via with no resistance will have a value of '0.0' assigned. [PHYS-129]
        : Via 'M2_M1_1x2_VV_S' has no resistance value.
Info    : Via with no resistance will have a value of '0.0' assigned. [PHYS-129]
        : Via 'M2_M1_1x2_VV_C' has no resistance value.
Info    : Via with no resistance will have a value of '0.0' assigned. [PHYS-129]
        : Via 'M2_M1_2x2_HV' has no resistance value.
Info    : Via with no resistance will have a value of '0.0' assigned. [PHYS-129]
        : Via 'M3_M2_2x2_VH' has no resistance value.
Info    : Via with no resistance will have a value of '0.0' assigned. [PHYS-129]
        : Via 'M4_M3_2x2_HV' has no resistance value.
Info    : Via with no resistance will have a value of '0.0' assigned. [PHYS-129]
        : Via 'M5_M4_2x2_VH' has no resistance value.
Info    : Via with no resistance will have a value of '0.0' assigned. [PHYS-129]
        : Via 'M6_M5_2x2_HV' has no resistance value.
Info    : Via with no resistance will have a value of '0.0' assigned. [PHYS-129]
        : Via 'M7_M6_2x2_VH' has no resistance value.
Info    : Via with no resistance will have a value of '0.0' assigned. [PHYS-129]
        : Via 'M8_M7_2x2_HV' has no resistance value.
Info    : Via with no resistance will have a value of '0.0' assigned. [PHYS-129]
        : Via 'M9_M8_2x2_VH' has no resistance value.
Info    : Via with no resistance will have a value of '0.0' assigned. [PHYS-129]
        : Via 'M10_M9_2x2_HV' has no resistance value.
Info    : Via with no resistance will have a value of '0.0' assigned. [PHYS-129]
        : Via 'M11_M10_VH_NEW' has no resistance value.
Info    : Via with no resistance will have a value of '0.0' assigned. [PHYS-129]
        : Via 'M11_M10_HH_NEW' has no resistance value.
Info    : Via with no resistance will have a value of '0.0' assigned. [PHYS-129]
        : Via 'M11_M10_HV_NEW' has no resistance value.
Info    : Via with no resistance will have a value of '0.0' assigned. [PHYS-129]
        : Via 'M11_M10_VV_NEW' has no resistance value.
Info    : Via with no resistance will have a value of '0.0' assigned. [PHYS-129]
        : Via 'M11_M10_M_NH_NEW' has no resistance value.
Info    : Via with no resistance will have a value of '0.0' assigned. [PHYS-129]
        : Via 'M11_M10_M_SH_NEW' has no resistance value.
Info    : Via with no resistance will have a value of '0.0' assigned. [PHYS-129]
        : Via 'M11_M10_1x2_VH_N_NEW' has no resistance value.
Info    : Via with no resistance will have a value of '0.0' assigned. [PHYS-129]
        : Via 'M11_M10_1x2_VH_S_NEW' has no resistance value.
Warning : Multiple ports are found on a pin without MUSTJOINALLPORTS in the pin property. [PHYS-2381]
        : Multiple ports are found on pin 'ExtVSS' on cell 'FSWNX1' without MUSTJOINALLPORTS in the pin property.
        : This means that only one port would be connected, which may not be the expected behavior. Should consider adding MUSTJOINALLPORTS property.
Warning : Multiple ports are found on a pin without MUSTJOINALLPORTS in the pin property. [PHYS-2381]
        : Multiple ports are found on pin 'VDD' on cell 'FSWNX1' without MUSTJOINALLPORTS in the pin property.
Warning : Multiple ports are found on a pin without MUSTJOINALLPORTS in the pin property. [PHYS-2381]
        : Multiple ports are found on pin 'ExtVSS' on cell 'FSWX1' without MUSTJOINALLPORTS in the pin property.
Warning : Multiple ports are found on a pin without MUSTJOINALLPORTS in the pin property. [PHYS-2381]
        : Multiple ports are found on pin 'VDD' on cell 'FSWX1' without MUSTJOINALLPORTS in the pin property.
Warning : Multiple ports are found on a pin without MUSTJOINALLPORTS in the pin property. [PHYS-2381]
        : Multiple ports are found on pin 'ExtVDD' on cell 'HSWDNX1' without MUSTJOINALLPORTS in the pin property.
Warning : Multiple ports are found on a pin without MUSTJOINALLPORTS in the pin property. [PHYS-2381]
        : Multiple ports are found on pin 'VSS' on cell 'HSWDNX1' without MUSTJOINALLPORTS in the pin property.
Warning : Multiple ports are found on a pin without MUSTJOINALLPORTS in the pin property. [PHYS-2381]
        : Multiple ports are found on pin 'ExtVDD' on cell 'HSWDX1' without MUSTJOINALLPORTS in the pin property.
Warning : Multiple ports are found on a pin without MUSTJOINALLPORTS in the pin property. [PHYS-2381]
        : Multiple ports are found on pin 'VSS' on cell 'HSWDX1' without MUSTJOINALLPORTS in the pin property.
Warning : Multiple ports are found on a pin without MUSTJOINALLPORTS in the pin property. [PHYS-2381]
        : Multiple ports are found on pin 'ExtVDD' on cell 'HSWNX1' without MUSTJOINALLPORTS in the pin property.
Warning : Multiple ports are found on a pin without MUSTJOINALLPORTS in the pin property. [PHYS-2381]
        : Multiple ports are found on pin 'VSS' on cell 'HSWNX1' without MUSTJOINALLPORTS in the pin property.
Warning : Multiple ports are found on a pin without MUSTJOINALLPORTS in the pin property. [PHYS-2381]
        : Multiple ports are found on pin 'ExtVDD' on cell 'HSWX1' without MUSTJOINALLPORTS in the pin property.
Warning : Multiple ports are found on a pin without MUSTJOINALLPORTS in the pin property. [PHYS-2381]
        : Multiple ports are found on pin 'VSS' on cell 'HSWX1' without MUSTJOINALLPORTS in the pin property.
Warning : Multiple ports are found on a pin without MUSTJOINALLPORTS in the pin property. [PHYS-2381]
        : Multiple ports are found on pin 'VSS' on cell 'ISOHLDX1_OFF' without MUSTJOINALLPORTS in the pin property.
Warning : Multiple ports are found on a pin without MUSTJOINALLPORTS in the pin property. [PHYS-2381]
        : Multiple ports are found on pin 'VSS' on cell 'ISOHX1_OFF' without MUSTJOINALLPORTS in the pin property.
Warning : Multiple ports are found on a pin without MUSTJOINALLPORTS in the pin property. [PHYS-2381]
        : Multiple ports are found on pin 'VSS' on cell 'ISOLX1_OFF' without MUSTJOINALLPORTS in the pin property.
Warning : Multiple ports are found on a pin without MUSTJOINALLPORTS in the pin property. [PHYS-2381]
        : Multiple ports are found on pin 'VSS' on cell 'ISONLX1_OFF' without MUSTJOINALLPORTS in the pin property.
Warning : Multiple ports are found on a pin without MUSTJOINALLPORTS in the pin property. [PHYS-2381]
        : Multiple ports are found on pin 'VSS' on cell 'LSHL_ISOH_X1_FROM_OFF' without MUSTJOINALLPORTS in the pin property.
Warning : Multiple ports are found on a pin without MUSTJOINALLPORTS in the pin property. [PHYS-2381]
        : Multiple ports are found on pin 'VSS' on cell 'LSHL_ISOL_X1_FROM_OFF' without MUSTJOINALLPORTS in the pin property.
Warning : Multiple ports are found on a pin without MUSTJOINALLPORTS in the pin property. [PHYS-2381]
        : Multiple ports are found on pin 'VSS' on cell 'LSHL_ISONH_X1_FROM_OFF' without MUSTJOINALLPORTS in the pin property.
Warning : Multiple ports are found on a pin without MUSTJOINALLPORTS in the pin property. [PHYS-2381]
        : Multiple ports are found on pin 'VSS' on cell 'LSHL_ISONL_X1_FROM_OFF' without MUSTJOINALLPORTS in the pin property.
Warning : Multiple ports are found on a pin without MUSTJOINALLPORTS in the pin property. [PHYS-2381]
        : Multiple ports are found on pin 'VSS' on cell 'LSHLX1_FROM' without MUSTJOINALLPORTS in the pin property.
Warning : Multiple ports are found on a pin without MUSTJOINALLPORTS in the pin property. [PHYS-2381]
        : Multiple ports are found on pin 'VSS' on cell 'LSLH_ISOH_X1_FROM_OFF' without MUSTJOINALLPORTS in the pin property.
Warning : Multiple ports are found on a pin without MUSTJOINALLPORTS in the pin property. [PHYS-2381]
        : Multiple ports are found on pin 'VSS' on cell 'LSLH_ISOH_X1_TO_ON' without MUSTJOINALLPORTS in the pin property.
Warning : Multiple ports are found on a pin without MUSTJOINALLPORTS in the pin property. [PHYS-2381]
        : Multiple ports are found on pin 'VSS' on cell 'LSLH_ISOL_X1_FROM_OFF' without MUSTJOINALLPORTS in the pin property.
Warning : Multiple ports are found on a pin without MUSTJOINALLPORTS in the pin property. [PHYS-2381]
        : Multiple ports are found on pin 'VSS' on cell 'LSLH_ISOL_X1_TO_ON' without MUSTJOINALLPORTS in the pin property.
Warning : Multiple ports are found on a pin without MUSTJOINALLPORTS in the pin property. [PHYS-2381]
        : Multiple ports are found on pin 'VSS' on cell 'LSLH_ISONH_X1_FROM_OFF' without MUSTJOINALLPORTS in the pin property.
Warning : Multiple ports are found on a pin without MUSTJOINALLPORTS in the pin property. [PHYS-2381]
        : Multiple ports are found on pin 'VSS' on cell 'LSLH_ISONH_X1_TO_ON' without MUSTJOINALLPORTS in the pin property.
Warning : Multiple ports are found on a pin without MUSTJOINALLPORTS in the pin property. [PHYS-2381]
        : Multiple ports are found on pin 'VSS' on cell 'LSLH_ISONL_X1_FROM_OFF' without MUSTJOINALLPORTS in the pin property.
Warning : Multiple ports are found on a pin without MUSTJOINALLPORTS in the pin property. [PHYS-2381]
        : Multiple ports are found on pin 'VSS' on cell 'LSLH_ISONL_X1_TO_ON' without MUSTJOINALLPORTS in the pin property.
Warning : Multiple ports are found on a pin without MUSTJOINALLPORTS in the pin property. [PHYS-2381]
        : Multiple ports are found on pin 'VSS' on cell 'LSLHX1_FROM' without MUSTJOINALLPORTS in the pin property.
Warning : Multiple ports are found on a pin without MUSTJOINALLPORTS in the pin property. [PHYS-2381]
        : Multiple ports are found on pin 'VSS' on cell 'LSLHX1_TO' without MUSTJOINALLPORTS in the pin property.
Warning : Multiple ports are found on a pin without MUSTJOINALLPORTS in the pin property. [PHYS-2381]
        : Multiple ports are found on pin 'VSS' on cell 'PBUFX2' without MUSTJOINALLPORTS in the pin property.
Warning : Multiple ports are found on a pin without MUSTJOINALLPORTS in the pin property. [PHYS-2381]
        : Multiple ports are found on pin 'VSS' on cell 'PINVX1' without MUSTJOINALLPORTS in the pin property.
Warning : Multiple ports are found on a pin without MUSTJOINALLPORTS in the pin property. [PHYS-2381]
        : Multiple ports are found on pin 'VSS' on cell 'RDFFNQX1' without MUSTJOINALLPORTS in the pin property.
Warning : Multiple ports are found on a pin without MUSTJOINALLPORTS in the pin property. [PHYS-2381]
        : Multiple ports are found on pin 'VSS' on cell 'RDFFNRQX1' without MUSTJOINALLPORTS in the pin property.
Warning : Multiple ports are found on a pin without MUSTJOINALLPORTS in the pin property. [PHYS-2381]
        : Multiple ports are found on pin 'VSS' on cell 'RDFFNRX1' without MUSTJOINALLPORTS in the pin property.
Warning : Multiple ports are found on a pin without MUSTJOINALLPORTS in the pin property. [PHYS-2381]
        : Multiple ports are found on pin 'VSS' on cell 'RDFFNSQX1' without MUSTJOINALLPORTS in the pin property.
Warning : Multiple ports are found on a pin without MUSTJOINALLPORTS in the pin property. [PHYS-2381]
        : Multiple ports are found on pin 'VSS' on cell 'RDFFNSRQX1' without MUSTJOINALLPORTS in the pin property.
Warning : Multiple ports are found on a pin without MUSTJOINALLPORTS in the pin property. [PHYS-2381]
        : Multiple ports are found on pin 'VSS' on cell 'RDFFNSRX1' without MUSTJOINALLPORTS in the pin property.
Warning : Multiple ports are found on a pin without MUSTJOINALLPORTS in the pin property. [PHYS-2381]
        : Multiple ports are found on pin 'VSS' on cell 'RDFFNSX1' without MUSTJOINALLPORTS in the pin property.
Warning : Multiple ports are found on a pin without MUSTJOINALLPORTS in the pin property. [PHYS-2381]
        : Multiple ports are found on pin 'VSS' on cell 'RDFFNX1' without MUSTJOINALLPORTS in the pin property.
Warning : Multiple ports are found on a pin without MUSTJOINALLPORTS in the pin property. [PHYS-2381]
        : Multiple ports are found on pin 'VSS' on cell 'RDFFQX1' without MUSTJOINALLPORTS in the pin property.
Warning : Multiple ports are found on a pin without MUSTJOINALLPORTS in the pin property. [PHYS-2381]
        : Multiple ports are found on pin 'VSS' on cell 'RDFFRQX1' without MUSTJOINALLPORTS in the pin property.
Warning : Multiple ports are found on a pin without MUSTJOINALLPORTS in the pin property. [PHYS-2381]
        : Multiple ports are found on pin 'VSS' on cell 'RDFFRX1' without MUSTJOINALLPORTS in the pin property.
Warning : Multiple ports are found on a pin without MUSTJOINALLPORTS in the pin property. [PHYS-2381]
        : Multiple ports are found on pin 'VSS' on cell 'RDFFSQX1' without MUSTJOINALLPORTS in the pin property.
Warning : Multiple ports are found on a pin without MUSTJOINALLPORTS in the pin property. [PHYS-2381]
        : Multiple ports are found on pin 'VSS' on cell 'RDFFSRQX1' without MUSTJOINALLPORTS in the pin property.
Warning : Multiple ports are found on a pin without MUSTJOINALLPORTS in the pin property. [PHYS-2381]
        : Multiple ports are found on pin 'VSS' on cell 'RDFFSRX1' without MUSTJOINALLPORTS in the pin property.
Warning : Multiple ports are found on a pin without MUSTJOINALLPORTS in the pin property. [PHYS-2381]
        : Multiple ports are found on pin 'VSS' on cell 'RDFFSX1' without MUSTJOINALLPORTS in the pin property.
Warning : Multiple ports are found on a pin without MUSTJOINALLPORTS in the pin property. [PHYS-2381]
        : Multiple ports are found on pin 'VSS' on cell 'RDFFX1' without MUSTJOINALLPORTS in the pin property.
Warning : Multiple ports are found on a pin without MUSTJOINALLPORTS in the pin property. [PHYS-2381]
        : Multiple ports are found on pin 'VSS' on cell 'RTLATRX1' without MUSTJOINALLPORTS in the pin property.
Warning : Multiple ports are found on a pin without MUSTJOINALLPORTS in the pin property. [PHYS-2381]
        : Multiple ports are found on pin 'VSS' on cell 'RTLATSRX1' without MUSTJOINALLPORTS in the pin property.
Warning : Multiple ports are found on a pin without MUSTJOINALLPORTS in the pin property. [PHYS-2381]
        : Multiple ports are found on pin 'VSS' on cell 'RTLATX1' without MUSTJOINALLPORTS in the pin property.
Warning : Multiple ports are found on a pin without MUSTJOINALLPORTS in the pin property. [PHYS-2381]
        : Multiple ports are found on pin 'VSS' on cell 'SRDFFNQX1' without MUSTJOINALLPORTS in the pin property.
Warning : Multiple ports are found on a pin without MUSTJOINALLPORTS in the pin property. [PHYS-2381]
        : Multiple ports are found on pin 'VSS' on cell 'SRDFFNRQX1' without MUSTJOINALLPORTS in the pin property.
Warning : Multiple ports are found on a pin without MUSTJOINALLPORTS in the pin property. [PHYS-2381]
        : Multiple ports are found on pin 'VSS' on cell 'SRDFFNRX1' without MUSTJOINALLPORTS in the pin property.
Warning : Multiple ports are found on a pin without MUSTJOINALLPORTS in the pin property. [PHYS-2381]
        : Multiple ports are found on pin 'VSS' on cell 'SRDFFNSQX1' without MUSTJOINALLPORTS in the pin property.
Warning : Multiple ports are found on a pin without MUSTJOINALLPORTS in the pin property. [PHYS-2381]
        : Multiple ports are found on pin 'VSS' on cell 'SRDFFNSRQX1' without MUSTJOINALLPORTS in the pin property.
Warning : Multiple ports are found on a pin without MUSTJOINALLPORTS in the pin property. [PHYS-2381]
        : Multiple ports are found on pin 'VSS' on cell 'SRDFFNSRX1' without MUSTJOINALLPORTS in the pin property.
Warning : Multiple ports are found on a pin without MUSTJOINALLPORTS in the pin property. [PHYS-2381]
        : Multiple ports are found on pin 'VSS' on cell 'SRDFFNSX1' without MUSTJOINALLPORTS in the pin property.
Warning : Multiple ports are found on a pin without MUSTJOINALLPORTS in the pin property. [PHYS-2381]
        : Multiple ports are found on pin 'VSS' on cell 'SRDFFNX1' without MUSTJOINALLPORTS in the pin property.
Warning : Multiple ports are found on a pin without MUSTJOINALLPORTS in the pin property. [PHYS-2381]
        : Multiple ports are found on pin 'VSS' on cell 'SRDFFQX1' without MUSTJOINALLPORTS in the pin property.
Warning : Multiple ports are found on a pin without MUSTJOINALLPORTS in the pin property. [PHYS-2381]
        : Multiple ports are found on pin 'VSS' on cell 'SRDFFRQX1' without MUSTJOINALLPORTS in the pin property.
Warning : Multiple ports are found on a pin without MUSTJOINALLPORTS in the pin property. [PHYS-2381]
        : Multiple ports are found on pin 'VSS' on cell 'SRDFFRX1' without MUSTJOINALLPORTS in the pin property.
Warning : Multiple ports are found on a pin without MUSTJOINALLPORTS in the pin property. [PHYS-2381]
        : Multiple ports are found on pin 'VSS' on cell 'SRDFFSQX1' without MUSTJOINALLPORTS in the pin property.
Warning : Multiple ports are found on a pin without MUSTJOINALLPORTS in the pin property. [PHYS-2381]
        : Multiple ports are found on pin 'VSS' on cell 'SRDFFSRQX1' without MUSTJOINALLPORTS in the pin property.
Warning : Multiple ports are found on a pin without MUSTJOINALLPORTS in the pin property. [PHYS-2381]
        : Multiple ports are found on pin 'VSS' on cell 'SRDFFSRX1' without MUSTJOINALLPORTS in the pin property.
Warning : Multiple ports are found on a pin without MUSTJOINALLPORTS in the pin property. [PHYS-2381]
        : Multiple ports are found on pin 'VSS' on cell 'SRDFFSX1' without MUSTJOINALLPORTS in the pin property.
Warning : Multiple ports are found on a pin without MUSTJOINALLPORTS in the pin property. [PHYS-2381]
        : Multiple ports are found on pin 'VSS' on cell 'SRDFFX1' without MUSTJOINALLPORTS in the pin property.
Warning : Macro already defined before, overlapping information will be overwritten. [PHYS-107]
        : Macro 'DFF2RX1' defined before, overlapping information will be overwritten.
Warning : Macro already defined before, overlapping information will be overwritten. [PHYS-107]
        : Macro 'DFF2RX2' defined before, overlapping information will be overwritten.
Warning : Macro already defined before, overlapping information will be overwritten. [PHYS-107]
        : Macro 'DFF2X1' defined before, overlapping information will be overwritten.
Warning : Macro already defined before, overlapping information will be overwritten. [PHYS-107]
        : Macro 'DFF2X2' defined before, overlapping information will be overwritten.
Warning : Macro already defined before, overlapping information will be overwritten. [PHYS-107]
        : Macro 'DFF4RX1' defined before, overlapping information will be overwritten.
Warning : Macro already defined before, overlapping information will be overwritten. [PHYS-107]
        : Macro 'DFF4RX2' defined before, overlapping information will be overwritten.
Warning : Macro already defined before, overlapping information will be overwritten. [PHYS-107]
        : Macro 'DFF4X1' defined before, overlapping information will be overwritten.
Warning : Macro already defined before, overlapping information will be overwritten. [PHYS-107]
        : Macro 'DFF4X2' defined before, overlapping information will be overwritten.
Warning : Macro already defined before, overlapping information will be overwritten. [PHYS-107]
        : Macro 'SDFF2RX1' defined before, overlapping information will be overwritten.
Warning : Macro already defined before, overlapping information will be overwritten. [PHYS-107]
        : Macro 'SDFF2RX2' defined before, overlapping information will be overwritten.
Warning : Macro already defined before, overlapping information will be overwritten. [PHYS-107]
        : Macro 'SDFF4RX1' defined before, overlapping information will be overwritten.
Warning : Macro already defined before, overlapping information will be overwritten. [PHYS-107]
        : Macro 'SDFF4RX2' defined before, overlapping information will be overwritten.
Warning : Macro already defined before, overlapping information will be overwritten. [PHYS-107]
        : Macro 'SPDFF2RX1' defined before, overlapping information will be overwritten.
Warning : Macro already defined before, overlapping information will be overwritten. [PHYS-107]
        : Macro 'SPDFF2RX2' defined before, overlapping information will be overwritten.
Warning : Macro already defined before, overlapping information will be overwritten. [PHYS-107]
        : Macro 'SPDFF4RX1' defined before, overlapping information will be overwritten.
Warning : Macro already defined before, overlapping information will be overwritten. [PHYS-107]
        : Macro 'SPDFF4RX2' defined before, overlapping information will be overwritten.

  According to lef_library, there are total 11 routing layers [ V(5) / H(6) ]

  Libraries have 324 usable logic and 128 usable sequential lib-cells.
  Setting attribute of root '/': 'lef_library' = /home/lab/entc18_dicd/180134M_180245E_180467K/lab1_synthesis/work/../input/libs/gsclib045/lef/gsclib045_tech.lef /home/lab/entc18_dicd/180134M_180245E_180467K/lab1_synthesis/work/../input/libs/gsclib045/lef/gsclib045_macro.lef /home/lab/entc18_dicd/180134M_180245E_180467K/lab1_synthesis/work/../input/libs/gsclib045/lef/gsclib045_multibitsDFF.lef
1 {/home/lab/entc18_dicd/180134M_180245E_180467K/lab1_synthesis/work/../input/libs/gsclib045/lef/gsclib045_tech.lef /home/lab/entc18_dicd/180134M_180245E_180467K/lab1_synthesis/work/../input/libs/gsclib045/lef/gsclib045_macro.lef /home/lab/entc18_dicd/180134M_180245E_180467K/lab1_synthesis/work/../input/libs/gsclib045/lef/gsclib045_multibitsDFF.lef}
@genus:root: 6> set_db qrc_tech_file gpdk045.tch

  According to qrc_tech_file, there are total 11 routing layers [ V(5) / H(6) ]

  Setting attribute of root '/': 'qrc_tech_file' = /home/lab/entc18_dicd/180134M_180245E_180467K/lab1_synthesis/work/../input/libs/gsclib045/qrc/qx/gpdk045.tch
1 /home/lab/entc18_dicd/180134M_180245E_180467K/lab1_synthesis/work/../input/libs/gsclib045/qrc/qx/gpdk045.tch
@genus:root: 7> read_hdl [glob ../input/rtl/*.v]
@genus:root: 8> elaborate uart_top
Info    : Elaborating Design. [ELAB-1]
        : Elaborating top-level block 'uart_top' from file '../input/rtl/uart_top.v'.
Warning : Using default parameter value for module elaboration. [CDFG-818]
        : Elaborating block 'uart_top' with default parameters value.
Info    : Done Elaborating Design. [ELAB-3]
        : Done elaborating 'uart_top'.
Checking for analog nets...
Check completed for analog nets.
Checking for source RTL...
Check completed for source RTL.
UM:  flow.cputime  flow.realtime  timing.setup.tns  timing.setup.wns  snapshot
UM:            71           2537                                      elaborate
design:uart_top
@genus:root: 9> check_design > ../log/check_design.log
  Checking the design.

  Done Checking the design.
@genus:root: 10> uniquify uart_top
@genus:root: 11> exit()
invalid command name "exit()"
@genus:root: 12> exit
Normal exit.