============================================================
  Generated by:           Genus(TM) Synthesis Solution 18.10-p003_1
  Generated on:           Dec 06 2022  02:01:22 pm
  Module:                 uart_top
  Technology libraries:   fast_vdd1v0 1.0
                          physical_cells 
  Operating conditions:   PVT_1P1V_0C 
  Interconnect mode:      global
  Area mode:              physical library
============================================================

             Instance                                   Module                        Cell Count  Cell Area  Net Area   Total Area 
-----------------------------------------------------------------------------------------------------------------------------------
uart_top                                                                                    1054   3339.972  1348.581     4688.553 
  ins_uart_transceiver_B          uart_transceiver_CLOCK_IN_MHZ100_TX_WORD_LENGTH32_         527   1669.986   571.450     2241.436 
    ins_rx_wrapper                rx_wrapper_NO_OF_WORS_IN_BUFFER1_NO_OF_DATA_BITS32         277    999.666   282.389     1282.055 
      ins_rx_buffer               rx_buffer_WORD_SIZE32_NO_OF_WORDS1_1                       166    729.828   156.722      886.550 
      ins_sampling_tick_generator sampling_tick_generator_BAUD115200_CLOCK_IN_MHZ100          56    143.982    61.788      205.770 
      ins_rx_fsm                  rx_fsm_NO_OF_DATA_BITS32_PARITY_ENABLED32h54525545          55    125.856    55.839      181.695 
    ins_tx_wrapper                tx_wrapper_NO_OF_WORDS_IN_BUFFER1_NO_OF_DATA_BITS3         250    670.320   289.060      959.380 
      ins_tx_buffer               tx_buffer_WORD_SIZE32_NO_OF_WORDS1_1                       140    394.668   149.595      544.263 
      ins_tx_fsm                  tx_fsm_NO_OF_DATA_BITS32_PARITY_ENABLED32h54525545          67    147.744    71.633      219.377 
      ins_sampling_tick_generator sampling_tick_generator_BAUD115200_CLOCK_IN_MHZ100          43    127.908    47.154      175.062 
  ins_uart_transceiver_A          uart_transceiver_CLOCK_IN_MHZ100_TX_WORD_LENGTH32_         527   1669.986   571.450     2241.436 
    ins_rx_wrapper                rx_wrapper_NO_OF_WORS_IN_BUFFER1_NO_OF_DATA_BITS32         277    999.666   282.389     1282.055 
      ins_rx_buffer               rx_buffer_WORD_SIZE32_NO_OF_WORDS1                         166    729.828   156.722      886.550 
      ins_sampling_tick_generator sampling_tick_generator_BAUD115200_CLOCK_IN_MHZ100          56    143.982    61.788      205.770 
      ins_rx_fsm                  rx_fsm_NO_OF_DATA_BITS32_PARITY_ENABLED32h54525545          55    125.856    55.839      181.695 
    ins_tx_wrapper                tx_wrapper_NO_OF_WORDS_IN_BUFFER1_NO_OF_DATA_BITS3         250    670.320   289.060      959.380 
      ins_tx_buffer               tx_buffer_WORD_SIZE32_NO_OF_WORDS1                         140    394.668   149.595      544.263 
      ins_tx_fsm                  tx_fsm_NO_OF_DATA_BITS32_PARITY_ENABLED32h54525545          67    147.744    71.633      219.377 
      ins_sampling_tick_generator sampling_tick_generator_BAUD115200_CLOCK_IN_MHZ100          43    127.908    47.154      175.062 
