============================================================
  Generated by:           Genus(TM) Synthesis Solution 18.10-p003_1
  Generated on:           Dec 08 2022  01:50:00 pm
  Module:                 uart_top
  Operating conditions:   PVT_0P9V_125C 
  Interconnect mode:      global
  Area mode:              physical library
============================================================

             Instance                                   Module                        Cell Count  Cell Area  Net Area   Total Area 
-----------------------------------------------------------------------------------------------------------------------------------
uart_top                                                                                    1128   3732.588  1384.730     5117.318 
  ins_uart_transceiver_B          uart_transceiver_CLOCK_IN_MHZ100_TX_WORD_LENGTH32_         564   1866.294   602.163     2468.457 
    ins_rx_wrapper                rx_wrapper_NO_OF_WORS_IN_BUFFER1_NO_OF_DATA_BITS32         305   1170.666   307.895     1478.561 
      ins_rx_buffer               rx_buffer_WORD_SIZE32_NO_OF_WORDS1_1                       199    888.858   190.933     1079.791 
      ins_sampling_tick_generator sampling_tick_generator_BAUD115200_CLOCK_IN_MHZ100          48    145.350    51.221      196.571 
      ins_rx_fsm                  rx_fsm_NO_OF_DATA_BITS32_PARITY_ENABLED32h54525545          58    136.458    57.702      194.160 
    ins_tx_wrapper                tx_wrapper_NO_OF_WORDS_IN_BUFFER1_NO_OF_DATA_BITS3         259    695.628   294.268      989.896 
      ins_tx_buffer               tx_buffer_WORD_SIZE32_NO_OF_WORDS1_1                       146    405.612   154.043      559.655 
      ins_tx_fsm                  tx_fsm_NO_OF_DATA_BITS32_PARITY_ENABLED32h54525545          66    153.900    69.790      223.690 
      ins_sampling_tick_generator sampling_tick_generator_BAUD115200_CLOCK_IN_MHZ100          47    136.116    50.118      186.234 
  ins_uart_transceiver_A          uart_transceiver_CLOCK_IN_MHZ100_TX_WORD_LENGTH32_         564   1866.294   602.163     2468.457 
    ins_rx_wrapper                rx_wrapper_NO_OF_WORS_IN_BUFFER1_NO_OF_DATA_BITS32         305   1170.666   307.895     1478.561 
      ins_rx_buffer               rx_buffer_WORD_SIZE32_NO_OF_WORDS1                         199    888.858   190.933     1079.791 
      ins_sampling_tick_generator sampling_tick_generator_BAUD115200_CLOCK_IN_MHZ100          48    145.350    51.221      196.571 
      ins_rx_fsm                  rx_fsm_NO_OF_DATA_BITS32_PARITY_ENABLED32h54525545          58    136.458    57.702      194.160 
    ins_tx_wrapper                tx_wrapper_NO_OF_WORDS_IN_BUFFER1_NO_OF_DATA_BITS3         259    695.628   294.268      989.896 
      ins_tx_buffer               tx_buffer_WORD_SIZE32_NO_OF_WORDS1                         146    405.612   154.043      559.655 
      ins_tx_fsm                  tx_fsm_NO_OF_DATA_BITS32_PARITY_ENABLED32h54525545          66    153.900    69.790      223.690 
      ins_sampling_tick_generator sampling_tick_generator_BAUD115200_CLOCK_IN_MHZ100          47    136.116    50.118      186.234 
