Cadence Genus(TM) Synthesis Solution.
Copyright 2018 Cadence Design Systems, Inc. All rights reserved worldwide.
Cadence and the Cadence logo are registered trademarks and Genus is a trademark
of Cadence Design Systems, Inc. in the United States and other countries.

Version: 18.10-p003_1, built Thu Jun 07 23:53:27 +0530 2018
Options: 
Date:    Thu Dec 08 12:02:59 2022
Host:    aed (x86_64 w/Linux 3.10.0-1160.53.1.el7.x86_64) (4cores*8cpus*1physical cpu*Intel(R) Core(TM) i7-4770 CPU @ 3.40GHz 8192KB) (16175820KB)
OS:      CentOS Linux release 7.9.2009 (Core)

Checking out license: Genus_Synthesis

Loading tool scripts...

Finished loading tool scripts (7 seconds elapsed).

WARNING: This version of the tool is 1644 days old.
@genus:root: 1> set_db init_lib_search_path [list ../input/libs/gsclib045/lef
../input/libs/gsclib045/timing ../input/libs/gsclib045/qrc/qx]
invalid command name "../input/libs/gsclib045/timing"
@genus:root: 2> clear
@genus:root: 3> set_db init_lib_search_path [list ../input/libs/gsclib045/lef ../input/libs/gsclib045/timing ../input/libs/gsclib045/qrc/qx]
  Setting attribute of root '/': 'init_lib_search_path' = ../input/libs/gsclib045/lef ../input/libs/gsclib045/timing ../input/libs/gsclib045/qrc/qx
1 {../input/libs/gsclib045/lef ../input/libs/gsclib045/timing ../input/libs/gsclib045/qrc/qx}
@genus:root: 4> set_db library {slow_vdd1v0_basicCells.lib fast_vdd1v0_basicCells.lib}

Threads Configured:6

  Message Summary for Library both libraries:
  *******************************************
  Could not find an attribute in the library. [LBR-436]: 1148
  Missing a function attribute in the output pin definition. [LBR-518]: 2
  *******************************************
 
Warning : Libraries have inconsistent nominal operating conditions. [LBR-38]
        : The libraries are 'slow_vdd1v0' and 'fast_vdd1v0'.
        : This is a common source of delay calculation confusion and is strongly discouraged.
Info    : Created nominal operating condition. [LBR-412]
        : Operating condition '_nominal_' was created for the PVT values (1.000000, 0.900000, 125.000000) in library 'slow_vdd1v0_basicCells.lib'.
        : The nominal operating condition represents either the nominal PVT values if specified in the library source, or the default PVT values (1.0, 1.0, 1.0).
Info    : Created nominal operating condition. [LBR-412]
        : Operating condition '_nominal_' was created for the PVT values (1.000000, 1.100000, 0.000000) in library 'fast_vdd1v0_basicCells.lib'.
Warning : Library cell has no output pins defined. [LBR-9]
        : Library cell 'ANTENNA' must have an output pin.
        : Add the missing output pin(s), then reload the library. Otherwise, the library cell will be marked as unusable and as timing model.
Warning : Library cell has no output pins defined. [LBR-9]
        : Library cell 'ANTENNA' must have an output pin.
Warning : Library cell has no output pins defined. [LBR-9]
        : Library cell 'DECAP10' must have an output pin.
Warning : Library cell has no output pins defined. [LBR-9]
        : Library cell 'DECAP10' must have an output pin.
Warning : Library cell has no output pins defined. [LBR-9]
        : Library cell 'DECAP2' must have an output pin.
Warning : Library cell has no output pins defined. [LBR-9]
        : Library cell 'DECAP2' must have an output pin.
Warning : Library cell has no output pins defined. [LBR-9]
        : Library cell 'DECAP3' must have an output pin.
Warning : Library cell has no output pins defined. [LBR-9]
        : Library cell 'DECAP3' must have an output pin.
Warning : Library cell has no output pins defined. [LBR-9]
        : Library cell 'DECAP4' must have an output pin.
Warning : Library cell has no output pins defined. [LBR-9]
        : Library cell 'DECAP4' must have an output pin.
Warning : Library cell has no output pins defined. [LBR-9]
        : Library cell 'DECAP5' must have an output pin.
Warning : Library cell has no output pins defined. [LBR-9]
        : Library cell 'DECAP5' must have an output pin.
Warning : Library cell has no output pins defined. [LBR-9]
        : Library cell 'DECAP6' must have an output pin.
Warning : Library cell has no output pins defined. [LBR-9]
        : Library cell 'DECAP6' must have an output pin.
Warning : Library cell has no output pins defined. [LBR-9]
        : Library cell 'DECAP7' must have an output pin.
Warning : Library cell has no output pins defined. [LBR-9]
        : Library cell 'DECAP7' must have an output pin.
Warning : Library cell has no output pins defined. [LBR-9]
        : Library cell 'DECAP8' must have an output pin.
Warning : Library cell has no output pins defined. [LBR-9]
        : Library cell 'DECAP8' must have an output pin.
Warning : Library cell has no output pins defined. [LBR-9]
        : Library cell 'DECAP9' must have an output pin.
Warning : Library cell has no output pins defined. [LBR-9]
        : Library cell 'DECAP9' must have an output pin.
Warning : Multiply-defined library cell. [LBR-22]
        : Library-cell name collision (slow_vdd1v0/ACHCONX2 and fast_vdd1v0/ACHCONX2).  Deleting (fast_vdd1v0/ACHCONX2).
        : Library cell names must be unique.  Any duplicates will be deleted.  Only the first (as determined by the order of libraries) will be retained.
Warning : Multiply-defined library cell. [LBR-22]
        : Library-cell name collision (slow_vdd1v0/ADDFHX1 and fast_vdd1v0/ADDFHX1).  Deleting (fast_vdd1v0/ADDFHX1).
Warning : Multiply-defined library cell. [LBR-22]
        : Library-cell name collision (slow_vdd1v0/ADDFHX2 and fast_vdd1v0/ADDFHX2).  Deleting (fast_vdd1v0/ADDFHX2).
Warning : Multiply-defined library cell. [LBR-22]
        : Library-cell name collision (slow_vdd1v0/ADDFHX4 and fast_vdd1v0/ADDFHX4).  Deleting (fast_vdd1v0/ADDFHX4).
Warning : Multiply-defined library cell. [LBR-22]
        : Library-cell name collision (slow_vdd1v0/ADDFHXL and fast_vdd1v0/ADDFHXL).  Deleting (fast_vdd1v0/ADDFHXL).
Warning : Multiply-defined library cell. [LBR-22]
        : Library-cell name collision (slow_vdd1v0/ADDFX1 and fast_vdd1v0/ADDFX1).  Deleting (fast_vdd1v0/ADDFX1).
Warning : Multiply-defined library cell. [LBR-22]
        : Library-cell name collision (slow_vdd1v0/ADDFX2 and fast_vdd1v0/ADDFX2).  Deleting (fast_vdd1v0/ADDFX2).
Warning : Multiply-defined library cell. [LBR-22]
        : Library-cell name collision (slow_vdd1v0/ADDFX4 and fast_vdd1v0/ADDFX4).  Deleting (fast_vdd1v0/ADDFX4).
Warning : Multiply-defined library cell. [LBR-22]
        : Library-cell name collision (slow_vdd1v0/ADDFXL and fast_vdd1v0/ADDFXL).  Deleting (fast_vdd1v0/ADDFXL).
Warning : Multiply-defined library cell. [LBR-22]
        : Library-cell name collision (slow_vdd1v0/ADDHX1 and fast_vdd1v0/ADDHX1).  Deleting (fast_vdd1v0/ADDHX1).
Warning : Multiply-defined library cell. [LBR-22]
        : Library-cell name collision (slow_vdd1v0/ADDHX2 and fast_vdd1v0/ADDHX2).  Deleting (fast_vdd1v0/ADDHX2).
Warning : Multiply-defined library cell. [LBR-22]
        : Library-cell name collision (slow_vdd1v0/ADDHX4 and fast_vdd1v0/ADDHX4).  Deleting (fast_vdd1v0/ADDHX4).
Warning : Multiply-defined library cell. [LBR-22]
        : Library-cell name collision (slow_vdd1v0/ADDHXL and fast_vdd1v0/ADDHXL).  Deleting (fast_vdd1v0/ADDHXL).
Warning : Multiply-defined library cell. [LBR-22]
        : Library-cell name collision (slow_vdd1v0/AND2X1 and fast_vdd1v0/AND2X1).  Deleting (fast_vdd1v0/AND2X1).
Warning : Multiply-defined library cell. [LBR-22]
        : Library-cell name collision (slow_vdd1v0/AND2X2 and fast_vdd1v0/AND2X2).  Deleting (fast_vdd1v0/AND2X2).
Warning : Multiply-defined library cell. [LBR-22]
        : Library-cell name collision (slow_vdd1v0/AND2X4 and fast_vdd1v0/AND2X4).  Deleting (fast_vdd1v0/AND2X4).
Warning : Multiply-defined library cell. [LBR-22]
        : Library-cell name collision (slow_vdd1v0/AND2X6 and fast_vdd1v0/AND2X6).  Deleting (fast_vdd1v0/AND2X6).
Warning : Multiply-defined library cell. [LBR-22]
        : Library-cell name collision (slow_vdd1v0/AND2X8 and fast_vdd1v0/AND2X8).  Deleting (fast_vdd1v0/AND2X8).
Warning : Multiply-defined library cell. [LBR-22]
        : Library-cell name collision (slow_vdd1v0/AND2XL and fast_vdd1v0/AND2XL).  Deleting (fast_vdd1v0/AND2XL).
Warning : Multiply-defined library cell. [LBR-22]
        : Library-cell name collision (slow_vdd1v0/AND3X1 and fast_vdd1v0/AND3X1).  Deleting (fast_vdd1v0/AND3X1).
  Setting attribute of root '/': 'library' = slow_vdd1v0_basicCells.lib fast_vdd1v0_basicCells.lib
1 {slow_vdd1v0_basicCells.lib fast_vdd1v0_basicCells.lib}
@genus:root: 5> set_db lef_library {gsclib045_tech.lef gsclib045_macro.lef gsclib045_multibitsDFF.lef}
Info    : Via with no resistance will have a value of '0.0' assigned. [PHYS-129]
        : Via 'M2_M1_HV' has no resistance value.
Info    : Via with no resistance will have a value of '0.0' assigned. [PHYS-129]
        : Via 'M2_M1_VV' has no resistance value.
Info    : Via with no resistance will have a value of '0.0' assigned. [PHYS-129]
        : Via 'M2_M1_VH' has no resistance value.
Info    : Via with no resistance will have a value of '0.0' assigned. [PHYS-129]
        : Via 'M2_M1_HH' has no resistance value.
Info    : Via with no resistance will have a value of '0.0' assigned. [PHYS-129]
        : Via 'M2_M1_2x1_HV_E' has no resistance value.
Info    : Via with no resistance will have a value of '0.0' assigned. [PHYS-129]
        : Via 'M2_M1_2x1_HV_W' has no resistance value.
Info    : Via with no resistance will have a value of '0.0' assigned. [PHYS-129]
        : Via 'M2_M1_1x2_HV_N' has no resistance value.
Info    : Via with no resistance will have a value of '0.0' assigned. [PHYS-129]
        : Via 'M2_M1_1x2_HV_S' has no resistance value.
Info    : Via with no resistance will have a value of '0.0' assigned. [PHYS-129]
        : Via 'M3_M2_VH' has no resistance value.
Info    : Via with no resistance will have a value of '0.0' assigned. [PHYS-129]
        : Via 'M3_M2_HH' has no resistance value.
Info    : Via with no resistance will have a value of '0.0' assigned. [PHYS-129]
        : Via 'M3_M2_HV' has no resistance value.
Info    : Via with no resistance will have a value of '0.0' assigned. [PHYS-129]
        : Via 'M3_M2_VV' has no resistance value.
Info    : Via with no resistance will have a value of '0.0' assigned. [PHYS-129]
        : Via 'M3_M2_M_NH' has no resistance value.
Info    : Via with no resistance will have a value of '0.0' assigned. [PHYS-129]
        : Via 'M3_M2_M_SH' has no resistance value.
Info    : Via with no resistance will have a value of '0.0' assigned. [PHYS-129]
        : Via 'M3_M2_2x1_VH_E' has no resistance value.
Info    : Via with no resistance will have a value of '0.0' assigned. [PHYS-129]
        : Via 'M3_M2_2x1_VH_W' has no resistance value.
Info    : Via with no resistance will have a value of '0.0' assigned. [PHYS-129]
        : Via 'M3_M2_1x2_VH_N' has no resistance value.
Info    : Via with no resistance will have a value of '0.0' assigned. [PHYS-129]
        : Via 'M3_M2_1x2_VH_S' has no resistance value.
Info    : Via with no resistance will have a value of '0.0' assigned. [PHYS-129]
        : Via 'M4_M3_HV' has no resistance value.
Info    : Via with no resistance will have a value of '0.0' assigned. [PHYS-129]
        : Via 'M4_M3_VV' has no resistance value.
Info    : Via with no resistance will have a value of '0.0' assigned. [PHYS-129]
        : Via 'M4_M3_VH' has no resistance value.
Info    : Via with no resistance will have a value of '0.0' assigned. [PHYS-129]
        : Via 'M4_M3_HH' has no resistance value.
Info    : Via with no resistance will have a value of '0.0' assigned. [PHYS-129]
        : Via 'M4_M3_M_EV' has no resistance value.
Info    : Via with no resistance will have a value of '0.0' assigned. [PHYS-129]
        : Via 'M4_M3_M_WV' has no resistance value.
Info    : Via with no resistance will have a value of '0.0' assigned. [PHYS-129]
        : Via 'M4_M3_2x1_HV_E' has no resistance value.
Info    : Via with no resistance will have a value of '0.0' assigned. [PHYS-129]
        : Via 'M4_M3_2x1_HV_W' has no resistance value.
Info    : Via with no resistance will have a value of '0.0' assigned. [PHYS-129]
        : Via 'M4_M3_1x2_HV_N' has no resistance value.
Info    : Via with no resistance will have a value of '0.0' assigned. [PHYS-129]
        : Via 'M4_M3_1x2_HV_S' has no resistance value.
Info    : Via with no resistance will have a value of '0.0' assigned. [PHYS-129]
        : Via 'M5_M4_VH' has no resistance value.
Info    : Via with no resistance will have a value of '0.0' assigned. [PHYS-129]
        : Via 'M5_M4_HH' has no resistance value.
Info    : Via with no resistance will have a value of '0.0' assigned. [PHYS-129]
        : Via 'M5_M4_HV' has no resistance value.
Info    : Via with no resistance will have a value of '0.0' assigned. [PHYS-129]
        : Via 'M5_M4_VV' has no resistance value.
Info    : Via with no resistance will have a value of '0.0' assigned. [PHYS-129]
        : Via 'M5_M4_M_NH' has no resistance value.
Info    : Via with no resistance will have a value of '0.0' assigned. [PHYS-129]
        : Via 'M5_M4_M_SH' has no resistance value.
Info    : Via with no resistance will have a value of '0.0' assigned. [PHYS-129]
        : Via 'M5_M4_2x1_VH_E' has no resistance value.
Info    : Via with no resistance will have a value of '0.0' assigned. [PHYS-129]
        : Via 'M5_M4_2x1_VH_W' has no resistance value.
Info    : Via with no resistance will have a value of '0.0' assigned. [PHYS-129]
        : Via 'M5_M4_1x2_VH_N' has no resistance value.
Info    : Via with no resistance will have a value of '0.0' assigned. [PHYS-129]
        : Via 'M5_M4_1x2_VH_S' has no resistance value.
Info    : Via with no resistance will have a value of '0.0' assigned. [PHYS-129]
        : Via 'M6_M5_HV' has no resistance value.
Info    : Via with no resistance will have a value of '0.0' assigned. [PHYS-129]
        : Via 'M6_M5_VV' has no resistance value.
Info    : Via with no resistance will have a value of '0.0' assigned. [PHYS-129]
        : Via 'M6_M5_VH' has no resistance value.
Info    : Via with no resistance will have a value of '0.0' assigned. [PHYS-129]
        : Via 'M6_M5_HH' has no resistance value.
Info    : Via with no resistance will have a value of '0.0' assigned. [PHYS-129]
        : Via 'M6_M5_M_EV' has no resistance value.
Info    : Via with no resistance will have a value of '0.0' assigned. [PHYS-129]
        : Via 'M6_M5_M_WV' has no resistance value.
Info    : Via with no resistance will have a value of '0.0' assigned. [PHYS-129]
        : Via 'M6_M5_2x1_HV_E' has no resistance value.
Info    : Via with no resistance will have a value of '0.0' assigned. [PHYS-129]
        : Via 'M6_M5_2x1_HV_W' has no resistance value.
Info    : Via with no resistance will have a value of '0.0' assigned. [PHYS-129]
        : Via 'M6_M5_1x2_HV_N' has no resistance value.
Info    : Via with no resistance will have a value of '0.0' assigned. [PHYS-129]
        : Via 'M6_M5_1x2_HV_S' has no resistance value.
Info    : Via with no resistance will have a value of '0.0' assigned. [PHYS-129]
        : Via 'M7_M6_VH' has no resistance value.
Info    : Via with no resistance will have a value of '0.0' assigned. [PHYS-129]
        : Via 'M7_M6_HH' has no resistance value.
Info    : Via with no resistance will have a value of '0.0' assigned. [PHYS-129]
        : Via 'M7_M6_HV' has no resistance value.
Info    : Via with no resistance will have a value of '0.0' assigned. [PHYS-129]
        : Via 'M7_M6_VV' has no resistance value.
Info    : Via with no resistance will have a value of '0.0' assigned. [PHYS-129]
        : Via 'M7_M6_M_NH' has no resistance value.
Info    : Via with no resistance will have a value of '0.0' assigned. [PHYS-129]
        : Via 'M7_M6_M_SH' has no resistance value.
Info    : Via with no resistance will have a value of '0.0' assigned. [PHYS-129]
        : Via 'M7_M6_2x1_VH_E' has no resistance value.
Info    : Via with no resistance will have a value of '0.0' assigned. [PHYS-129]
        : Via 'M7_M6_2x1_VH_W' has no resistance value.
Info    : Via with no resistance will have a value of '0.0' assigned. [PHYS-129]
        : Via 'M7_M6_1x2_VH_N' has no resistance value.
Info    : Via with no resistance will have a value of '0.0' assigned. [PHYS-129]
        : Via 'M7_M6_1x2_VH_S' has no resistance value.
Info    : Via with no resistance will have a value of '0.0' assigned. [PHYS-129]
        : Via 'M8_M7_HV' has no resistance value.
Info    : Via with no resistance will have a value of '0.0' assigned. [PHYS-129]
        : Via 'M8_M7_VV' has no resistance value.
Info    : Via with no resistance will have a value of '0.0' assigned. [PHYS-129]
        : Via 'M8_M7_VH' has no resistance value.
Info    : Via with no resistance will have a value of '0.0' assigned. [PHYS-129]
        : Via 'M8_M7_HH' has no resistance value.
Info    : Via with no resistance will have a value of '0.0' assigned. [PHYS-129]
        : Via 'M8_M7_M_EV' has no resistance value.
Info    : Via with no resistance will have a value of '0.0' assigned. [PHYS-129]
        : Via 'M8_M7_M_WV' has no resistance value.
Info    : Via with no resistance will have a value of '0.0' assigned. [PHYS-129]
        : Via 'M8_M7_2x1_HV_E' has no resistance value.
Info    : Via with no resistance will have a value of '0.0' assigned. [PHYS-129]
        : Via 'M8_M7_2x1_HV_W' has no resistance value.
Info    : Via with no resistance will have a value of '0.0' assigned. [PHYS-129]
        : Via 'M8_M7_1x2_HV_N' has no resistance value.
Info    : Via with no resistance will have a value of '0.0' assigned. [PHYS-129]
        : Via 'M8_M7_1x2_HV_S' has no resistance value.
Info    : Via with no resistance will have a value of '0.0' assigned. [PHYS-129]
        : Via 'M9_M8_VH' has no resistance value.
Info    : Via with no resistance will have a value of '0.0' assigned. [PHYS-129]
        : Via 'M9_M8_HH' has no resistance value.
Info    : Via with no resistance will have a value of '0.0' assigned. [PHYS-129]
        : Via 'M9_M8_HV' has no resistance value.
Info    : Via with no resistance will have a value of '0.0' assigned. [PHYS-129]
        : Via 'M9_M8_VV' has no resistance value.
Info    : Via with no resistance will have a value of '0.0' assigned. [PHYS-129]
        : Via 'M9_M8_M_NH' has no resistance value.
Info    : Via with no resistance will have a value of '0.0' assigned. [PHYS-129]
        : Via 'M9_M8_M_SH' has no resistance value.
Info    : Via with no resistance will have a value of '0.0' assigned. [PHYS-129]
        : Via 'M9_M8_2x1_VH_E' has no resistance value.
Info    : Via with no resistance will have a value of '0.0' assigned. [PHYS-129]
        : Via 'M9_M8_2x1_VH_W' has no resistance value.
Info    : Via with no resistance will have a value of '0.0' assigned. [PHYS-129]
        : Via 'M9_M8_1x2_VH_N' has no resistance value.
Info    : Via with no resistance will have a value of '0.0' assigned. [PHYS-129]
        : Via 'M9_M8_1x2_VH_S' has no resistance value.
Info    : Via with no resistance will have a value of '0.0' assigned. [PHYS-129]
        : Via 'M10_M9_HV' has no resistance value.
Info    : Via with no resistance will have a value of '0.0' assigned. [PHYS-129]
        : Via 'M10_M9_VV' has no resistance value.
Info    : Via with no resistance will have a value of '0.0' assigned. [PHYS-129]
        : Via 'M10_M9_VH' has no resistance value.
Info    : Via with no resistance will have a value of '0.0' assigned. [PHYS-129]
        : Via 'M10_M9_HH' has no resistance value.
Info    : Via with no resistance will have a value of '0.0' assigned. [PHYS-129]
        : Via 'M10_M9_2x1_HV_E' has no resistance value.
Info    : Via with no resistance will have a value of '0.0' assigned. [PHYS-129]
        : Via 'M10_M9_2x1_HV_W' has no resistance value.
Info    : Via with no resistance will have a value of '0.0' assigned. [PHYS-129]
        : Via 'M10_M9_1x2_HV_N' has no resistance value.
Info    : Via with no resistance will have a value of '0.0' assigned. [PHYS-129]
        : Via 'M10_M9_1x2_HV_S' has no resistance value.
Info    : Via with no resistance will have a value of '0.0' assigned. [PHYS-129]
        : Via 'M11_M10_VH' has no resistance value.
Info    : Via with no resistance will have a value of '0.0' assigned. [PHYS-129]
        : Via 'M11_M10_HH' has no resistance value.
Info    : Via with no resistance will have a value of '0.0' assigned. [PHYS-129]
        : Via 'M11_M10_HV' has no resistance value.
Info    : Via with no resistance will have a value of '0.0' assigned. [PHYS-129]
        : Via 'M11_M10_VV' has no resistance value.
Info    : Via with no resistance will have a value of '0.0' assigned. [PHYS-129]
        : Via 'M11_M10_M_NH' has no resistance value.
Info    : Via with no resistance will have a value of '0.0' assigned. [PHYS-129]
        : Via 'M11_M10_M_SH' has no resistance value.
Info    : Via with no resistance will have a value of '0.0' assigned. [PHYS-129]
        : Via 'M11_M10_2x1_VH_E' has no resistance value.
Info    : Via with no resistance will have a value of '0.0' assigned. [PHYS-129]
        : Via 'M11_M10_2x1_VH_W' has no resistance value.
Info    : Via with no resistance will have a value of '0.0' assigned. [PHYS-129]
        : Via 'M11_M10_1x2_VH_N' has no resistance value.
Info    : Via with no resistance will have a value of '0.0' assigned. [PHYS-129]
        : Via 'M11_M10_1x2_VH_S' has no resistance value.
Info    : Via with no resistance will have a value of '0.0' assigned. [PHYS-129]
        : Via 'M2_M1_2x1_HH_E' has no resistance value.
Info    : Via with no resistance will have a value of '0.0' assigned. [PHYS-129]
        : Via 'M2_M1_2x1_HH_W' has no resistance value.
Info    : Via with no resistance will have a value of '0.0' assigned. [PHYS-129]
        : Via 'M2_M1_2x1_HH_C' has no resistance value.
Info    : Via with no resistance will have a value of '0.0' assigned. [PHYS-129]
        : Via 'M2_M1_1x2_VV_N' has no resistance value.
Info    : Via with no resistance will have a value of '0.0' assigned. [PHYS-129]
        : Via 'M2_M1_1x2_VV_S' has no resistance value.
Info    : Via with no resistance will have a value of '0.0' assigned. [PHYS-129]
        : Via 'M2_M1_1x2_VV_C' has no resistance value.
Info    : Via with no resistance will have a value of '0.0' assigned. [PHYS-129]
        : Via 'M2_M1_2x2_HV' has no resistance value.
Info    : Via with no resistance will have a value of '0.0' assigned. [PHYS-129]
        : Via 'M3_M2_2x2_VH' has no resistance value.
Info    : Via with no resistance will have a value of '0.0' assigned. [PHYS-129]
        : Via 'M4_M3_2x2_HV' has no resistance value.
Info    : Via with no resistance will have a value of '0.0' assigned. [PHYS-129]
        : Via 'M5_M4_2x2_VH' has no resistance value.
Info    : Via with no resistance will have a value of '0.0' assigned. [PHYS-129]
        : Via 'M6_M5_2x2_HV' has no resistance value.
Info    : Via with no resistance will have a value of '0.0' assigned. [PHYS-129]
        : Via 'M7_M6_2x2_VH' has no resistance value.
Info    : Via with no resistance will have a value of '0.0' assigned. [PHYS-129]
        : Via 'M8_M7_2x2_HV' has no resistance value.
Info    : Via with no resistance will have a value of '0.0' assigned. [PHYS-129]
        : Via 'M9_M8_2x2_VH' has no resistance value.
Info    : Via with no resistance will have a value of '0.0' assigned. [PHYS-129]
        : Via 'M10_M9_2x2_HV' has no resistance value.
Info    : Via with no resistance will have a value of '0.0' assigned. [PHYS-129]
        : Via 'M11_M10_VH_NEW' has no resistance value.
Info    : Via with no resistance will have a value of '0.0' assigned. [PHYS-129]
        : Via 'M11_M10_HH_NEW' has no resistance value.
Info    : Via with no resistance will have a value of '0.0' assigned. [PHYS-129]
        : Via 'M11_M10_HV_NEW' has no resistance value.
Info    : Via with no resistance will have a value of '0.0' assigned. [PHYS-129]
        : Via 'M11_M10_VV_NEW' has no resistance value.
Info    : Via with no resistance will have a value of '0.0' assigned. [PHYS-129]
        : Via 'M11_M10_M_NH_NEW' has no resistance value.
Info    : Via with no resistance will have a value of '0.0' assigned. [PHYS-129]
        : Via 'M11_M10_M_SH_NEW' has no resistance value.
Info    : Via with no resistance will have a value of '0.0' assigned. [PHYS-129]
        : Via 'M11_M10_1x2_VH_N_NEW' has no resistance value.
Info    : Via with no resistance will have a value of '0.0' assigned. [PHYS-129]
        : Via 'M11_M10_1x2_VH_S_NEW' has no resistance value.
Warning : Multiple ports are found on a pin without MUSTJOINALLPORTS in the pin property. [PHYS-2381]
        : Multiple ports are found on pin 'ExtVSS' on cell 'FSWNX1' without MUSTJOINALLPORTS in the pin property.
        : This means that only one port would be connected, which may not be the expected behavior. Should consider adding MUSTJOINALLPORTS property.
Warning : Multiple ports are found on a pin without MUSTJOINALLPORTS in the pin property. [PHYS-2381]
        : Multiple ports are found on pin 'VDD' on cell 'FSWNX1' without MUSTJOINALLPORTS in the pin property.
Warning : Multiple ports are found on a pin without MUSTJOINALLPORTS in the pin property. [PHYS-2381]
        : Multiple ports are found on pin 'ExtVSS' on cell 'FSWX1' without MUSTJOINALLPORTS in the pin property.
Warning : Multiple ports are found on a pin without MUSTJOINALLPORTS in the pin property. [PHYS-2381]
        : Multiple ports are found on pin 'VDD' on cell 'FSWX1' without MUSTJOINALLPORTS in the pin property.
Warning : Multiple ports are found on a pin without MUSTJOINALLPORTS in the pin property. [PHYS-2381]
        : Multiple ports are found on pin 'ExtVDD' on cell 'HSWDNX1' without MUSTJOINALLPORTS in the pin property.
Warning : Multiple ports are found on a pin without MUSTJOINALLPORTS in the pin property. [PHYS-2381]
        : Multiple ports are found on pin 'VSS' on cell 'HSWDNX1' without MUSTJOINALLPORTS in the pin property.
Warning : Multiple ports are found on a pin without MUSTJOINALLPORTS in the pin property. [PHYS-2381]
        : Multiple ports are found on pin 'ExtVDD' on cell 'HSWDX1' without MUSTJOINALLPORTS in the pin property.
Warning : Multiple ports are found on a pin without MUSTJOINALLPORTS in the pin property. [PHYS-2381]
        : Multiple ports are found on pin 'VSS' on cell 'HSWDX1' without MUSTJOINALLPORTS in the pin property.
Warning : Multiple ports are found on a pin without MUSTJOINALLPORTS in the pin property. [PHYS-2381]
        : Multiple ports are found on pin 'ExtVDD' on cell 'HSWNX1' without MUSTJOINALLPORTS in the pin property.
Warning : Multiple ports are found on a pin without MUSTJOINALLPORTS in the pin property. [PHYS-2381]
        : Multiple ports are found on pin 'VSS' on cell 'HSWNX1' without MUSTJOINALLPORTS in the pin property.
Warning : Multiple ports are found on a pin without MUSTJOINALLPORTS in the pin property. [PHYS-2381]
        : Multiple ports are found on pin 'ExtVDD' on cell 'HSWX1' without MUSTJOINALLPORTS in the pin property.
Warning : Multiple ports are found on a pin without MUSTJOINALLPORTS in the pin property. [PHYS-2381]
        : Multiple ports are found on pin 'VSS' on cell 'HSWX1' without MUSTJOINALLPORTS in the pin property.
Warning : Multiple ports are found on a pin without MUSTJOINALLPORTS in the pin property. [PHYS-2381]
        : Multiple ports are found on pin 'VSS' on cell 'ISOHLDX1_OFF' without MUSTJOINALLPORTS in the pin property.
Warning : Multiple ports are found on a pin without MUSTJOINALLPORTS in the pin property. [PHYS-2381]
        : Multiple ports are found on pin 'VSS' on cell 'ISOHX1_OFF' without MUSTJOINALLPORTS in the pin property.
Warning : Multiple ports are found on a pin without MUSTJOINALLPORTS in the pin property. [PHYS-2381]
        : Multiple ports are found on pin 'VSS' on cell 'ISOLX1_OFF' without MUSTJOINALLPORTS in the pin property.
Warning : Multiple ports are found on a pin without MUSTJOINALLPORTS in the pin property. [PHYS-2381]
        : Multiple ports are found on pin 'VSS' on cell 'ISONLX1_OFF' without MUSTJOINALLPORTS in the pin property.
Warning : Multiple ports are found on a pin without MUSTJOINALLPORTS in the pin property. [PHYS-2381]
        : Multiple ports are found on pin 'VSS' on cell 'LSHL_ISOH_X1_FROM_OFF' without MUSTJOINALLPORTS in the pin property.
Warning : Multiple ports are found on a pin without MUSTJOINALLPORTS in the pin property. [PHYS-2381]
        : Multiple ports are found on pin 'VSS' on cell 'LSHL_ISOL_X1_FROM_OFF' without MUSTJOINALLPORTS in the pin property.
Warning : Multiple ports are found on a pin without MUSTJOINALLPORTS in the pin property. [PHYS-2381]
        : Multiple ports are found on pin 'VSS' on cell 'LSHL_ISONH_X1_FROM_OFF' without MUSTJOINALLPORTS in the pin property.
Warning : Multiple ports are found on a pin without MUSTJOINALLPORTS in the pin property. [PHYS-2381]
        : Multiple ports are found on pin 'VSS' on cell 'LSHL_ISONL_X1_FROM_OFF' without MUSTJOINALLPORTS in the pin property.
Warning : Multiple ports are found on a pin without MUSTJOINALLPORTS in the pin property. [PHYS-2381]
        : Multiple ports are found on pin 'VSS' on cell 'LSHLX1_FROM' without MUSTJOINALLPORTS in the pin property.
Warning : Multiple ports are found on a pin without MUSTJOINALLPORTS in the pin property. [PHYS-2381]
        : Multiple ports are found on pin 'VSS' on cell 'LSLH_ISOH_X1_FROM_OFF' without MUSTJOINALLPORTS in the pin property.
Warning : Multiple ports are found on a pin without MUSTJOINALLPORTS in the pin property. [PHYS-2381]
        : Multiple ports are found on pin 'VSS' on cell 'LSLH_ISOH_X1_TO_ON' without MUSTJOINALLPORTS in the pin property.
Warning : Multiple ports are found on a pin without MUSTJOINALLPORTS in the pin property. [PHYS-2381]
        : Multiple ports are found on pin 'VSS' on cell 'LSLH_ISOL_X1_FROM_OFF' without MUSTJOINALLPORTS in the pin property.
Warning : Multiple ports are found on a pin without MUSTJOINALLPORTS in the pin property. [PHYS-2381]
        : Multiple ports are found on pin 'VSS' on cell 'LSLH_ISOL_X1_TO_ON' without MUSTJOINALLPORTS in the pin property.
Warning : Multiple ports are found on a pin without MUSTJOINALLPORTS in the pin property. [PHYS-2381]
        : Multiple ports are found on pin 'VSS' on cell 'LSLH_ISONH_X1_FROM_OFF' without MUSTJOINALLPORTS in the pin property.
Warning : Multiple ports are found on a pin without MUSTJOINALLPORTS in the pin property. [PHYS-2381]
        : Multiple ports are found on pin 'VSS' on cell 'LSLH_ISONH_X1_TO_ON' without MUSTJOINALLPORTS in the pin property.
Warning : Multiple ports are found on a pin without MUSTJOINALLPORTS in the pin property. [PHYS-2381]
        : Multiple ports are found on pin 'VSS' on cell 'LSLH_ISONL_X1_FROM_OFF' without MUSTJOINALLPORTS in the pin property.
Warning : Multiple ports are found on a pin without MUSTJOINALLPORTS in the pin property. [PHYS-2381]
        : Multiple ports are found on pin 'VSS' on cell 'LSLH_ISONL_X1_TO_ON' without MUSTJOINALLPORTS in the pin property.
Warning : Multiple ports are found on a pin without MUSTJOINALLPORTS in the pin property. [PHYS-2381]
        : Multiple ports are found on pin 'VSS' on cell 'LSLHX1_FROM' without MUSTJOINALLPORTS in the pin property.
Warning : Multiple ports are found on a pin without MUSTJOINALLPORTS in the pin property. [PHYS-2381]
        : Multiple ports are found on pin 'VSS' on cell 'LSLHX1_TO' without MUSTJOINALLPORTS in the pin property.
Warning : Multiple ports are found on a pin without MUSTJOINALLPORTS in the pin property. [PHYS-2381]
        : Multiple ports are found on pin 'VSS' on cell 'PBUFX2' without MUSTJOINALLPORTS in the pin property.
Warning : Multiple ports are found on a pin without MUSTJOINALLPORTS in the pin property. [PHYS-2381]
        : Multiple ports are found on pin 'VSS' on cell 'PINVX1' without MUSTJOINALLPORTS in the pin property.
Warning : Multiple ports are found on a pin without MUSTJOINALLPORTS in the pin property. [PHYS-2381]
        : Multiple ports are found on pin 'VSS' on cell 'RDFFNQX1' without MUSTJOINALLPORTS in the pin property.
Warning : Multiple ports are found on a pin without MUSTJOINALLPORTS in the pin property. [PHYS-2381]
        : Multiple ports are found on pin 'VSS' on cell 'RDFFNRQX1' without MUSTJOINALLPORTS in the pin property.
Warning : Multiple ports are found on a pin without MUSTJOINALLPORTS in the pin property. [PHYS-2381]
        : Multiple ports are found on pin 'VSS' on cell 'RDFFNRX1' without MUSTJOINALLPORTS in the pin property.
Warning : Multiple ports are found on a pin without MUSTJOINALLPORTS in the pin property. [PHYS-2381]
        : Multiple ports are found on pin 'VSS' on cell 'RDFFNSQX1' without MUSTJOINALLPORTS in the pin property.
Warning : Multiple ports are found on a pin without MUSTJOINALLPORTS in the pin property. [PHYS-2381]
        : Multiple ports are found on pin 'VSS' on cell 'RDFFNSRQX1' without MUSTJOINALLPORTS in the pin property.
Warning : Multiple ports are found on a pin without MUSTJOINALLPORTS in the pin property. [PHYS-2381]
        : Multiple ports are found on pin 'VSS' on cell 'RDFFNSRX1' without MUSTJOINALLPORTS in the pin property.
Warning : Multiple ports are found on a pin without MUSTJOINALLPORTS in the pin property. [PHYS-2381]
        : Multiple ports are found on pin 'VSS' on cell 'RDFFNSX1' without MUSTJOINALLPORTS in the pin property.
Warning : Multiple ports are found on a pin without MUSTJOINALLPORTS in the pin property. [PHYS-2381]
        : Multiple ports are found on pin 'VSS' on cell 'RDFFNX1' without MUSTJOINALLPORTS in the pin property.
Warning : Multiple ports are found on a pin without MUSTJOINALLPORTS in the pin property. [PHYS-2381]
        : Multiple ports are found on pin 'VSS' on cell 'RDFFQX1' without MUSTJOINALLPORTS in the pin property.
Warning : Multiple ports are found on a pin without MUSTJOINALLPORTS in the pin property. [PHYS-2381]
        : Multiple ports are found on pin 'VSS' on cell 'RDFFRQX1' without MUSTJOINALLPORTS in the pin property.
Warning : Multiple ports are found on a pin without MUSTJOINALLPORTS in the pin property. [PHYS-2381]
        : Multiple ports are found on pin 'VSS' on cell 'RDFFRX1' without MUSTJOINALLPORTS in the pin property.
Warning : Multiple ports are found on a pin without MUSTJOINALLPORTS in the pin property. [PHYS-2381]
        : Multiple ports are found on pin 'VSS' on cell 'RDFFSQX1' without MUSTJOINALLPORTS in the pin property.
Warning : Multiple ports are found on a pin without MUSTJOINALLPORTS in the pin property. [PHYS-2381]
        : Multiple ports are found on pin 'VSS' on cell 'RDFFSRQX1' without MUSTJOINALLPORTS in the pin property.
Warning : Multiple ports are found on a pin without MUSTJOINALLPORTS in the pin property. [PHYS-2381]
        : Multiple ports are found on pin 'VSS' on cell 'RDFFSRX1' without MUSTJOINALLPORTS in the pin property.
Warning : Multiple ports are found on a pin without MUSTJOINALLPORTS in the pin property. [PHYS-2381]
        : Multiple ports are found on pin 'VSS' on cell 'RDFFSX1' without MUSTJOINALLPORTS in the pin property.
Warning : Multiple ports are found on a pin without MUSTJOINALLPORTS in the pin property. [PHYS-2381]
        : Multiple ports are found on pin 'VSS' on cell 'RDFFX1' without MUSTJOINALLPORTS in the pin property.
Warning : Multiple ports are found on a pin without MUSTJOINALLPORTS in the pin property. [PHYS-2381]
        : Multiple ports are found on pin 'VSS' on cell 'RTLATRX1' without MUSTJOINALLPORTS in the pin property.
Warning : Multiple ports are found on a pin without MUSTJOINALLPORTS in the pin property. [PHYS-2381]
        : Multiple ports are found on pin 'VSS' on cell 'RTLATSRX1' without MUSTJOINALLPORTS in the pin property.
Warning : Multiple ports are found on a pin without MUSTJOINALLPORTS in the pin property. [PHYS-2381]
        : Multiple ports are found on pin 'VSS' on cell 'RTLATX1' without MUSTJOINALLPORTS in the pin property.
Warning : Multiple ports are found on a pin without MUSTJOINALLPORTS in the pin property. [PHYS-2381]
        : Multiple ports are found on pin 'VSS' on cell 'SRDFFNQX1' without MUSTJOINALLPORTS in the pin property.
Warning : Multiple ports are found on a pin without MUSTJOINALLPORTS in the pin property. [PHYS-2381]
        : Multiple ports are found on pin 'VSS' on cell 'SRDFFNRQX1' without MUSTJOINALLPORTS in the pin property.
Warning : Multiple ports are found on a pin without MUSTJOINALLPORTS in the pin property. [PHYS-2381]
        : Multiple ports are found on pin 'VSS' on cell 'SRDFFNRX1' without MUSTJOINALLPORTS in the pin property.
Warning : Multiple ports are found on a pin without MUSTJOINALLPORTS in the pin property. [PHYS-2381]
        : Multiple ports are found on pin 'VSS' on cell 'SRDFFNSQX1' without MUSTJOINALLPORTS in the pin property.
Warning : Multiple ports are found on a pin without MUSTJOINALLPORTS in the pin property. [PHYS-2381]
        : Multiple ports are found on pin 'VSS' on cell 'SRDFFNSRQX1' without MUSTJOINALLPORTS in the pin property.
Warning : Multiple ports are found on a pin without MUSTJOINALLPORTS in the pin property. [PHYS-2381]
        : Multiple ports are found on pin 'VSS' on cell 'SRDFFNSRX1' without MUSTJOINALLPORTS in the pin property.
Warning : Multiple ports are found on a pin without MUSTJOINALLPORTS in the pin property. [PHYS-2381]
        : Multiple ports are found on pin 'VSS' on cell 'SRDFFNSX1' without MUSTJOINALLPORTS in the pin property.
Warning : Multiple ports are found on a pin without MUSTJOINALLPORTS in the pin property. [PHYS-2381]
        : Multiple ports are found on pin 'VSS' on cell 'SRDFFNX1' without MUSTJOINALLPORTS in the pin property.
Warning : Multiple ports are found on a pin without MUSTJOINALLPORTS in the pin property. [PHYS-2381]
        : Multiple ports are found on pin 'VSS' on cell 'SRDFFQX1' without MUSTJOINALLPORTS in the pin property.
Warning : Multiple ports are found on a pin without MUSTJOINALLPORTS in the pin property. [PHYS-2381]
        : Multiple ports are found on pin 'VSS' on cell 'SRDFFRQX1' without MUSTJOINALLPORTS in the pin property.
Warning : Multiple ports are found on a pin without MUSTJOINALLPORTS in the pin property. [PHYS-2381]
        : Multiple ports are found on pin 'VSS' on cell 'SRDFFRX1' without MUSTJOINALLPORTS in the pin property.
Warning : Multiple ports are found on a pin without MUSTJOINALLPORTS in the pin property. [PHYS-2381]
        : Multiple ports are found on pin 'VSS' on cell 'SRDFFSQX1' without MUSTJOINALLPORTS in the pin property.
Warning : Multiple ports are found on a pin without MUSTJOINALLPORTS in the pin property. [PHYS-2381]
        : Multiple ports are found on pin 'VSS' on cell 'SRDFFSRQX1' without MUSTJOINALLPORTS in the pin property.
Warning : Multiple ports are found on a pin without MUSTJOINALLPORTS in the pin property. [PHYS-2381]
        : Multiple ports are found on pin 'VSS' on cell 'SRDFFSRX1' without MUSTJOINALLPORTS in the pin property.
Warning : Multiple ports are found on a pin without MUSTJOINALLPORTS in the pin property. [PHYS-2381]
        : Multiple ports are found on pin 'VSS' on cell 'SRDFFSX1' without MUSTJOINALLPORTS in the pin property.
Warning : Multiple ports are found on a pin without MUSTJOINALLPORTS in the pin property. [PHYS-2381]
        : Multiple ports are found on pin 'VSS' on cell 'SRDFFX1' without MUSTJOINALLPORTS in the pin property.
Warning : Macro already defined before, overlapping information will be overwritten. [PHYS-107]
        : Macro 'DFF2RX1' defined before, overlapping information will be overwritten.
Warning : Macro already defined before, overlapping information will be overwritten. [PHYS-107]
        : Macro 'DFF2RX2' defined before, overlapping information will be overwritten.
Warning : Macro already defined before, overlapping information will be overwritten. [PHYS-107]
        : Macro 'DFF2X1' defined before, overlapping information will be overwritten.
Warning : Macro already defined before, overlapping information will be overwritten. [PHYS-107]
        : Macro 'DFF2X2' defined before, overlapping information will be overwritten.
Warning : Macro already defined before, overlapping information will be overwritten. [PHYS-107]
        : Macro 'DFF4RX1' defined before, overlapping information will be overwritten.
Warning : Macro already defined before, overlapping information will be overwritten. [PHYS-107]
        : Macro 'DFF4RX2' defined before, overlapping information will be overwritten.
Warning : Macro already defined before, overlapping information will be overwritten. [PHYS-107]
        : Macro 'DFF4X1' defined before, overlapping information will be overwritten.
Warning : Macro already defined before, overlapping information will be overwritten. [PHYS-107]
        : Macro 'DFF4X2' defined before, overlapping information will be overwritten.
Warning : Macro already defined before, overlapping information will be overwritten. [PHYS-107]
        : Macro 'SDFF2RX1' defined before, overlapping information will be overwritten.
Warning : Macro already defined before, overlapping information will be overwritten. [PHYS-107]
        : Macro 'SDFF2RX2' defined before, overlapping information will be overwritten.
Warning : Macro already defined before, overlapping information will be overwritten. [PHYS-107]
        : Macro 'SDFF4RX1' defined before, overlapping information will be overwritten.
Warning : Macro already defined before, overlapping information will be overwritten. [PHYS-107]
        : Macro 'SDFF4RX2' defined before, overlapping information will be overwritten.
Warning : Macro already defined before, overlapping information will be overwritten. [PHYS-107]
        : Macro 'SPDFF2RX1' defined before, overlapping information will be overwritten.
Warning : Macro already defined before, overlapping information will be overwritten. [PHYS-107]
        : Macro 'SPDFF2RX2' defined before, overlapping information will be overwritten.
Warning : Macro already defined before, overlapping information will be overwritten. [PHYS-107]
        : Macro 'SPDFF4RX1' defined before, overlapping information will be overwritten.
Warning : Macro already defined before, overlapping information will be overwritten. [PHYS-107]
        : Macro 'SPDFF4RX2' defined before, overlapping information will be overwritten.

  According to lef_library, there are total 11 routing layers [ V(5) / H(6) ]

  Libraries have 324 usable logic and 128 usable sequential lib-cells.
  Setting attribute of root '/': 'lef_library' = /home/lab/entc18_dicd/180441C_180534N_180631J/lab1_synthesis/work/../input/libs/gsclib045/lef/gsclib045_tech.lef /home/lab/entc18_dicd/180441C_180534N_180631J/lab1_synthesis/work/../input/libs/gsclib045/lef/gsclib045_macro.lef /home/lab/entc18_dicd/180441C_180534N_180631J/lab1_synthesis/work/../input/libs/gsclib045/lef/gsclib045_multibitsDFF.lef
1 {/home/lab/entc18_dicd/180441C_180534N_180631J/lab1_synthesis/work/../input/libs/gsclib045/lef/gsclib045_tech.lef /home/lab/entc18_dicd/180441C_180534N_180631J/lab1_synthesis/work/../input/libs/gsclib045/lef/gsclib045_macro.lef /home/lab/entc18_dicd/180441C_180534N_180631J/lab1_synthesis/work/../input/libs/gsclib045/lef/gsclib045_multibitsDFF.lef}
@genus:root: 6> set_db qrc_tech_file gpdk045.tch

  According to qrc_tech_file, there are total 11 routing layers [ V(5) / H(6) ]

  Setting attribute of root '/': 'qrc_tech_file' = /home/lab/entc18_dicd/180441C_180534N_180631J/lab1_synthesis/work/../input/libs/gsclib045/qrc/qx/gpdk045.tch
1 /home/lab/entc18_dicd/180441C_180534N_180631J/lab1_synthesis/work/../input/libs/gsclib045/qrc/qx/gpdk045.tch
@genus:root: 7> read_hdl [glob ../input/rtl/*v]
@genus:root: 8> elaborate uart_top
Info    : Elaborating Design. [ELAB-1]
        : Elaborating top-level block 'uart_top' from file '../input/rtl/uart_top.v'.
Warning : Using default parameter value for module elaboration. [CDFG-818]
        : Elaborating block 'uart_top' with default parameters value.
Info    : Done Elaborating Design. [ELAB-3]
        : Done elaborating 'uart_top'.
Checking for analog nets...
Check completed for analog nets.
Checking for source RTL...
Check completed for source RTL.
UM:  flow.cputime  flow.realtime  timing.setup.tns  timing.setup.wns  snapshot
UM:            30            868                                      elaborate
design:uart_top
@genus:root: 9> check_design > ../log/check_design.log
  Checking the design.

  Done Checking the design.
@genus:root: 10> uniquify uart_top
@genus:root: 11> pwd
/home/lab/entc18_dicd/180441C_180534N_180631J/lab1_synthesis/work
@genus:root: 12> ls
fv
genus.cmd
genus.log
@genus:root: 13> source ../input/constraints.tcl
Sourcing '../input/constraints.tcl' (Thu Dec 08 12:37:08 +0530 2022)...
#@ Begin verbose source input/constraints.tcl
@file(constraints.tcl) 5: create_clock -name clk_a -period 10 [get_ports clk_a] -waveform {0 5}
@file(constraints.tcl) 6: create_clock -name clk_b -period 10 [get_ports clk_b] -waveform {0 5}
@file(constraints.tcl) 8: set design_inputs [get_ports {tx_parallel_data_in* tx_data_wr_enable_in* rx_data_rd_enable_in*}]
@file(constraints.tcl) 9: set design_outputs [get_ports {tx_busy_out_* rx_full_* rx_parallel_data_out_* rx_parity_error_* rx_stop_bit_error_*}]
@file(constraints.tcl) 11: set design_inputs_a [get_ports {tx_parallel_data_in_a tx_data_wr_enable_in_a rx_data_rd_enable_in_a}]
@file(constraints.tcl) 12: set design_outputs_a [get_ports {tx_busy_out_a rx_full_a rx_parallel_data_out_a rx_parity_error_a rx_stop_bit_error_a}]
@file(constraints.tcl) 14: set design_inputs_b [get_ports {tx_parallel_data_in_b tx_data_wr_enable_in_b rx_data_rd_enable_in_b}]
@file(constraints.tcl) 15: set design_outputs_b [get_ports {tx_busy_out_b rx_full_a rx_parallel_data_out_b rx_parity_error_b rx_stop_bit_error_b}]
@file(constraints.tcl) 17: set_clock_uncertainty 0.5 [all_clocks]
@file(constraints.tcl) 18: set_dont_touch_network [all_clocks]
@file(constraints.tcl) 19: set_dont_touch_network [get_ports {reset_a reset_b}]
@file(constraints.tcl) 21: set_input_delay  6 -clock clk_a  $design_inputs_a
@file(constraints.tcl) 22: set_input_delay  6 -clock clk_b  $design_inputs_b
@file(constraints.tcl) 23: set_output_delay 6 -clock clk_a $design_outputs_a
@file(constraints.tcl) 24: set_output_delay 6 -clock clk_b $design_outputs_b
@file(constraints.tcl) 26: set_load        0.2 $design_outputs
@file(constraints.tcl) 27: set_max_fanout  20  $design_inputs
@file(constraints.tcl) 28: set_fanout_load 2   $design_outputs
@file(constraints.tcl) 30: set_false_path -from [get_clocks clk_a] -to [get_clocks clk_b]
@file(constraints.tcl) 31: set_false_path -from [get_clocks clk_b] -to [get_clocks clk_a]
#@ End verbose source input/constraints.tcl
exception:uart_top/dis_2
@genus:root: 14> synthesize -to_mapped -effort m
Warning : This command will be obsolete in a next major release. [TUI-37]
        : command: 'synthesize'
        : The synthesize command is obsolete. Use the syn_gen, syn_map or syn_opt commands instead.
Current PLE settings:

Aspect ratio        : 1.00
Shrink factor       : 1.00
Scale of res/length : 1.00
Scale of cap/length : 1.00
Net derating factor : 1.00
Thermal factor      : 1.00
Via Resistance      : 6.60 ohm (from qrc_tech_file)
Site size           : 1.91 um (from lef [tech+cell])

                                   Capacitance  
  Layer                             / Length         Data source:
Name        Direction Utilization  (pF/micron)       qrc_tech_file
------------------------------------------------
METAL_1         H         0.00        0.000210  
METAL_2         V         1.00        0.000174  
METAL_3         H         1.00        0.000174  
METAL_4         V         1.00        0.000174  
METAL_5         H         1.00        0.000174  
METAL_6         V         1.00        0.000174  
METAL_7         H         1.00        0.000175  
METAL_8         V         1.00        0.000176  
METAL_9         H         1.00        0.001240  
METAL_10        V         1.00        0.000529  
METAL_11        H         1.00        0.000686  

                                    Resistance   
  Layer                              / Length         Data source:
Name        Direction Utilization  (ohm/micron)       qrc_tech_file
-------------------------------------------------
METAL_1         H         0.00         1.226667  
METAL_2         V         1.00         0.755000  
METAL_3         H         1.00         0.755000  
METAL_4         V         1.00         0.755000  
METAL_5         H         1.00         0.755000  
METAL_6         V         1.00         0.755000  
METAL_7         H         1.00         0.755000  
METAL_8         V         1.00         0.267500  
METAL_9         H         1.00         0.267500  
METAL_10        V         1.00         0.097273  
METAL_11        H         1.00         0.095455  

                                        Area     
  Layer                               / Length        Data source:
Name        Direction Utilization     (micron)        lef_library
-------------------------------------------------
Metal1          H         0.00         0.060000  
Metal2          V         1.00         0.080000  
Metal3          H         1.00         0.080000  
Metal4          V         1.00         0.080000  
Metal5          H         1.00         0.080000  
Metal6          V         1.00         0.080000  
Metal7          H         1.00         0.080000  
Metal8          V         1.00         0.080000  
Metal9          H         1.00         0.080000  
Metal10         V         1.00         0.220000  
Metal11         H         1.00         0.220000  

Info    : Synthesizing. [SYNTH-1]
        : Synthesizing 'uart_top' to generic gates using 'medium' effort.
Info    : Deleting instances not driving any primary outputs. [GLO-34]
        : Deleting 2 sequential instances.
        : Optimizations such as constant propagation or redundancy removal could change the connections so a hierarchical instance does not drive any primary outputs anymore. To see the list of deleted hierarchical instances, set the 'information_level' attribute to 2 or above. If the message is truncated set the message attribute 'truncate' to false to see the complete list. To prevent this optimization, set the 'delete_unloaded_insts' root/subdesign attribute to 'false' or 'preserve' instance attribute to 'true'.
Info    : Deleting instances not driving any primary outputs. [GLO-34]
        : Deleting 58 hierarchical instances.
Info    : Pre-processed datapath logic. [DPOPT-6]
        : No pre-processing optimizations applied to datapath logic in 'uart_top'.
Info    : Optimizing datapath logic. [DPOPT-1]
        : Optimizing datapath logic in 'uart_top'.
Info    : Implementing datapath configurations. [DPOPT-3]
        : Implementing datapath configurations for 'CDN_DP_region_295'
Info    : Done implementing datapath configurations. [DPOPT-4]
        : Selected 'very_fast' configuration 4 for module 'CDN_DP_region_295'.
          Optimizations applied to 'very_fast' configuration:
            rewriting(0), factoring(0), sharing(0), cmultcse(0), downsizing(0), speculation(0)
Info    : Implementing datapath configurations. [DPOPT-3]
        : Implementing datapath configurations for 'CDN_DP_region_294'
Info    : Done implementing datapath configurations. [DPOPT-4]
        : Selected 'very_fast' configuration 4 for module 'CDN_DP_region_294'.
          Optimizations applied to 'very_fast' configuration:
            rewriting(0), factoring(0), sharing(0), cmultcse(0), downsizing(0), speculation(0)
Info    : Implementing datapath configurations. [DPOPT-3]
        : Implementing datapath configurations for 'CDN_DP_region_287'
Info    : Done implementing datapath configurations. [DPOPT-4]
        : Selected 'very_fast' configuration 4 for module 'CDN_DP_region_287'.
          Optimizations applied to 'very_fast' configuration:
            rewriting(0), factoring(0), sharing(0), cmultcse(0), downsizing(0), speculation(0)
Info    : Implementing datapath configurations. [DPOPT-3]
        : Implementing datapath configurations for 'CDN_DP_region_286'
Info    : Done implementing datapath configurations. [DPOPT-4]
        : Selected 'very_fast' configuration 4 for module 'CDN_DP_region_286'.
          Optimizations applied to 'very_fast' configuration:
            rewriting(0), factoring(0), sharing(0), cmultcse(0), downsizing(0), speculation(0)
Info    : Implementing datapath configurations. [DPOPT-3]
        : Implementing datapath configurations for 'CDN_DP_region_293'
Info    : Done implementing datapath configurations. [DPOPT-4]
        : Selected 'very_fast' configuration 4 for module 'CDN_DP_region_293'.
          Optimizations applied to 'very_fast' configuration:
            rewriting(0), factoring(0), sharing(0), cmultcse(0), downsizing(0), speculation(0)
Info    : Implementing datapath configurations. [DPOPT-3]
        : Implementing datapath configurations for 'CDN_DP_region_292'
Info    : Done implementing datapath configurations. [DPOPT-4]
        : Selected 'very_fast' configuration 4 for module 'CDN_DP_region_292'.
          Optimizations applied to 'very_fast' configuration:
            rewriting(0), factoring(0), sharing(0), cmultcse(0), downsizing(0), speculation(0)
Info    : Implementing datapath configurations. [DPOPT-3]
        : Implementing datapath configurations for 'CDN_DP_region_291'
Info    : Done implementing datapath configurations. [DPOPT-4]
        : Selected 'very_fast' configuration 4 for module 'CDN_DP_region_291'.
          Optimizations applied to 'very_fast' configuration:
            rewriting(0), factoring(0), sharing(0), cmultcse(0), downsizing(0), speculation(0)
Info    : Implementing datapath configurations. [DPOPT-3]
        : Implementing datapath configurations for 'CDN_DP_region_290'
Info    : Done implementing datapath configurations. [DPOPT-4]
        : Selected 'very_fast' configuration 4 for module 'CDN_DP_region_290'.
          Optimizations applied to 'very_fast' configuration:
            rewriting(0), factoring(0), sharing(0), cmultcse(0), downsizing(0), speculation(0)
Info    : Implementing datapath configurations. [DPOPT-3]
        : Implementing datapath configurations for 'CDN_DP_region_289'
Info    : Done implementing datapath configurations. [DPOPT-4]
        : Selected 'very_fast' configuration 4 for module 'CDN_DP_region_289'.
          Optimizations applied to 'very_fast' configuration:
            rewriting(0), factoring(0), sharing(0), cmultcse(0), downsizing(0), speculation(0)
Info    : Implementing datapath configurations. [DPOPT-3]
        : Implementing datapath configurations for 'CDN_DP_region_288'
Info    : Done implementing datapath configurations. [DPOPT-4]
        : Selected 'very_fast' configuration 4 for module 'CDN_DP_region_288'.
          Optimizations applied to 'very_fast' configuration:
            rewriting(0), factoring(0), sharing(0), cmultcse(0), downsizing(0), speculation(0)
Info    : Implementing datapath configurations. [DPOPT-3]
        : Implementing datapath configurations for 'CDN_DP_region_285'
Info    : Done implementing datapath configurations. [DPOPT-4]
        : Selected 'very_fast' configuration 4 for module 'CDN_DP_region_285'.
          Optimizations applied to 'very_fast' configuration:
            rewriting(0), factoring(0), sharing(0), cmultcse(0), downsizing(0), speculation(0)
Info    : Implementing datapath configurations. [DPOPT-3]
        : Implementing datapath configurations for 'CDN_DP_region'
Info    : Done implementing datapath configurations. [DPOPT-4]
        : Selected 'very_fast' configuration 4 for module 'CDN_DP_region'.
          Optimizations applied to 'very_fast' configuration:
            rewriting(0), factoring(0), sharing(0), cmultcse(0), downsizing(0), speculation(0)
Info    : Done optimizing datapath logic. [DPOPT-2]
        : Done optimizing datapath logic in 'uart_top'.
Info    : Done synthesizing. [SYNTH-2]
        : Done synthesizing 'uart_top' to generic gates.
Info    : Mapping. [SYNTH-4]
        : Mapping 'uart_top' using 'medium' effort.
Mapper: Libraries have:
	domain _default_: 324 combo usable cells and 128 sequential usable cells
Multi-threaded constant propagation [1|0] ...
Info    : Replacing the synchronous part of an always feeding back flip-flop with a logic constant. [GLO-45]
        : The instance is 'ins_uart_transceiver_A/ins_rx_wrapper/ins_rx_fsm/state_reg[3]'. The constant is '0'.
        : To prevent this optimization, set 'optimize_constant_feedback_seqs' root attribute to 'false'. The instance attribute 'optimize_constant_feedback_seq' controls this optimization. 
Info    : Replacing a flip-flop with a logic constant 0. [GLO-12]
        : The instance is 'ins_uart_transceiver_A/ins_rx_wrapper/ins_rx_fsm/state_reg[3]'.
        : To prevent this optimization, set the 'optimize_constant_0_flops' root attribute to 'false' or 'optimize_constant_0_seq' instance attribute to 'false'.
Info    : Replacing the synchronous part of an always feeding back flip-flop with a logic constant. [GLO-45]
        : The instance is 'ins_uart_transceiver_B/ins_rx_wrapper/ins_rx_fsm/state_reg[3]'. The constant is '0'.
Info    : Replacing a flip-flop with a logic constant 0. [GLO-12]
        : The instance is 'ins_uart_transceiver_B/ins_rx_wrapper/ins_rx_fsm/state_reg[3]'.
Info    : Deleting instances not driving any primary outputs. [GLO-34]
        : Deleting 2 sequential instances.
Info    : Replacing the synchronous part of an always feeding back flip-flop with a logic constant. [GLO-45]
        : The instance is 'ins_uart_transceiver_A/ins_rx_wrapper/ins_rx_buffer/buffer_full_counter_reg[4]'. The constant is '0'.
Info    : Replacing a flip-flop with a logic constant 0. [GLO-12]
        : The instance is 'ins_uart_transceiver_A/ins_rx_wrapper/ins_rx_buffer/buffer_full_counter_reg[4]'.
Info    : Replacing a flip-flop with a logic constant 0. [GLO-12]
        : The instance is 'ins_uart_transceiver_A/ins_rx_wrapper/ins_sampling_tick_generator/counter_reg[10]'.
Info    : Replacing a flip-flop with a logic constant 0. [GLO-12]
        : The instance is 'ins_uart_transceiver_A/ins_tx_wrapper/ins_sampling_tick_generator/counter_reg[10]'.
Info    : Replacing the synchronous part of an always feeding back flip-flop with a logic constant. [GLO-45]
        : The instance is 'ins_uart_transceiver_B/ins_rx_wrapper/ins_rx_buffer/buffer_full_counter_reg[4]'. The constant is '0'.
Info    : Replacing a flip-flop with a logic constant 0. [GLO-12]
        : The instance is 'ins_uart_transceiver_B/ins_rx_wrapper/ins_rx_buffer/buffer_full_counter_reg[4]'.
Info    : Replacing a flip-flop with a logic constant 0. [GLO-12]
        : The instance is 'ins_uart_transceiver_B/ins_rx_wrapper/ins_sampling_tick_generator/counter_reg[10]'.
Info    : Replacing a flip-flop with a logic constant 0. [GLO-12]
        : The instance is 'ins_uart_transceiver_B/ins_tx_wrapper/ins_sampling_tick_generator/counter_reg[10]'.
Info    : Deleting instances not driving any primary outputs. [GLO-34]
        : Deleting 6 sequential instances.
Multi-threaded Virtual Mapping    (8 threads per ST process, 8 of 8 CPUs usable)
 
Global mapping target info
==========================
Cost Group 'clk_a' target slack:    97 ps
Target path end-point (Port: uart_top/rx_stop_bit_error_a)

Cost Group 'clk_b' target slack:    97 ps
Target path end-point (Port: uart_top/rx_stop_bit_error_b)

Multi-threaded Technology Mapping (8 threads per ST process, 8 of 8 CPUs usable)
 
Global mapping status
=====================
                                   Group   
                                  Tot Wrst 
                           Total  Weighted 
Operation                   Area   Slacks  
-------------------------------------------------------------------------------
 global_map                 3093        0 

    Cost Group            Target    Slack    Diff.  Constr.
-----------------------------------------------------------
         clk_a                97     2539             10000 
         clk_b                97     2539             10000 

 
Global incremental target info
==============================
Cost Group 'clk_a' target slack:    63 ps
Target path end-point (Port: uart_top/rx_parity_error_a)

Cost Group 'clk_b' target slack:    63 ps
Target path end-point (Port: uart_top/rx_parity_error_b)

 
Global incremental optimization status
======================================
                                   Group   
                                  Tot Wrst 
                           Total  Weighted 
Operation                   Area   Slacks  
-------------------------------------------------------------------------------
 global_incr                3191        0 

    Cost Group            Target    Slack    Diff.  Constr.
-----------------------------------------------------------
         clk_a                63     2539             10000 
         clk_b                63     2539             10000 

Info    : Done mapping. [SYNTH-5]
        : Done mapping 'uart_top'.
Info    : Incrementally optimizing. [SYNTH-7]
        : Incrementally optimizing 'uart_top' using 'medium' effort.
 
Incremental optimization status
===============================
                                   Group   
                                  Tot Wrst     Total - - - - DRC Totals - - - -
                           Total  Weighted      Neg      Max       Max     Max  
Operation                   Area   Slacks      Slack    Trans      Cap   Fanout 
-------------------------------------------------------------------------------
 init_iopt                  3191        0         0       439        0        0
 const_prop                 3191        0         0       439        0        0
 simp_cc_inputs             3187        0         0       439        0        0
 
Incremental optimization status
===============================
                                   Group   
                                  Tot Wrst     Total - - - - DRC Totals - - - -
                           Total  Weighted      Neg      Max       Max     Max  
Operation                   Area   Slacks      Slack    Trans      Cap   Fanout 
-------------------------------------------------------------------------------
 init_delay                 3187        0         0       439        0        0

           Trick     Calls     Accepts   Attempts    Time(secs) 
-----------------------------------------------------------
       crit_upsz         0  (        0 /        0 )  0.00
    plc_bal_star         0  (        0 /        0 )  0.00
     drc_buftimb         0  (        0 /        0 )  0.00
          plc_st         0  (        0 /        0 )  0.00
    plc_st_fence         0  (        0 /        0 )  0.00
        plc_star         0  (        0 /        0 )  0.00
      plc_laf_st         0  (        0 /        0 )  0.00
 plc_laf_st_fence         0  (        0 /        0 )  0.00
     drc_buftims         0  (        0 /        0 )  0.00
   plc_laf_lo_st         0  (        0 /        0 )  0.00
       plc_lo_st         0  (        0 /        0 )  0.00
            fopt         0  (        0 /        0 )  0.00
       crit_dnsz         0  (        0 /        0 )  0.00
             dup         0  (        0 /        0 )  0.00
            fopt         0  (        0 /        0 )  0.00
        setup_dn         0  (        0 /        0 )  0.00
         buf2inv         0  (        0 /        0 )  0.00
             exp         0  (        0 /        0 )  0.00
       gate_deco         0  (        0 /        0 )  0.00
       gcomp_tim         0  (        0 /        0 )  0.00
  inv_pair_2_buf         0  (        0 /        0 )  0.00

 init_drc                   3187        0         0       439        0        0

           Trick     Calls     Accepts   Attempts    Time(secs) 
-----------------------------------------------------------
          plc_st        24  (        0 /        0 )  0.00
        plc_star        24  (        0 /        0 )  0.00
        drc_bufs       120  (        0 /       96 )  0.04
        drc_fopt        24  (        0 /       24 )  0.02
        drc_bufb        24  (        0 /        0 )  0.00
      simple_buf        24  (        0 /        0 )  0.05
             dup        24  (        0 /        0 )  0.00
       crit_dnsz         0  (        0 /        0 )  0.00
       crit_upsz        24  (        0 /        0 )  0.01


           Trick     Calls     Accepts   Attempts    Time(secs) 
-----------------------------------------------------------
          plc_st         0  (        0 /        0 )  0.00
        plc_star         0  (        0 /        0 )  0.00
      drc_buf_sp         0  (        0 /        0 )  0.00
        drc_bufs         0  (        0 /        0 )  0.00
        drc_fopt         0  (        0 /        0 )  0.00
        drc_bufb         0  (        0 /        0 )  0.00
      simple_buf         0  (        0 /        0 )  0.00
             dup         0  (        0 /        0 )  0.00
       crit_dnsz         0  (        0 /        0 )  0.00
       crit_upsz         0  (        0 /        0 )  0.00


           Trick     Calls     Accepts   Attempts    Time(secs) 
-----------------------------------------------------------
          plc_st         0  (        0 /        0 )  0.00
        plc_star         0  (        0 /        0 )  0.00
      drc_buf_sp         0  (        0 /        0 )  0.00
        drc_bufs         0  (        0 /        0 )  0.00
        drc_fopt         0  (        0 /        0 )  0.00
        drc_bufb         0  (        0 /        0 )  0.00
             dup         0  (        0 /        0 )  0.00
       crit_dnsz         0  (        0 /        0 )  0.00
       crit_upsz         0  (        0 /        0 )  0.00

 init_tns                   3187        0         0       439        0        0

           Trick     Calls     Accepts   Attempts    Time(secs) 
-----------------------------------------------------------
    plc_bal_star         0  (        0 /        0 )  0.00
     drc_buftimb         0  (        0 /        0 )  0.00
     drc_buftims         0  (        0 /        0 )  0.00
       crit_upsz         0  (        0 /        0 )  0.00
   plc_laf_lo_st         0  (        0 /        0 )  0.00
       plc_lo_st         0  (        0 /        0 )  0.00
            fopt         0  (        0 /        0 )  0.00
       crit_dnsz         0  (        0 /        0 )  0.00
             dup         0  (        0 /        0 )  0.00
        setup_dn         0  (        0 /        0 )  0.00
         buf2inv         0  (        0 /        0 )  0.00

 init_area                  3187        0         0       439        0        0
 rem_buf                    3182        0         0       439        0        0
 io_phase                   3173        0         0       439        0        0
 glob_area                  3169        0         0       439        0        0
 area_down                  3167        0         0       439        0        0

           Trick     Calls     Accepts   Attempts    Time(secs) 
-----------------------------------------------------------
           undup         0  (        0 /        0 )  0.00
         rem_buf        26  (        2 /        2 )  0.02
         rem_inv         0  (        0 /        0 )  0.00
        merge_bi         0  (        0 /        0 )  0.00
      rem_inv_qb         0  (        0 /        0 )  0.00
        io_phase         4  (        4 /        4 )  0.01
       gate_comp         8  (        0 /        4 )  0.03
       gcomp_mog         0  (        0 /        0 )  0.01
       glob_area        12  (        4 /       12 )  0.03
       area_down        44  (        2 /       11 )  0.09
      size_n_buf         6  (        0 /        0 )  0.02
  gate_deco_area         0  (        0 /        0 )  0.00
         rem_buf        24  (        0 /        0 )  0.02
         rem_inv         0  (        0 /        0 )  0.00
        merge_bi         0  (        0 /        0 )  0.00
      rem_inv_qb         0  (        0 /        0 )  0.00

 
Incremental optimization status
===============================
                                   Group   
                                  Tot Wrst     Total - - - - DRC Totals - - - -
                           Total  Weighted      Neg      Max       Max     Max  
Operation                   Area   Slacks      Slack    Trans      Cap   Fanout 
-------------------------------------------------------------------------------
 init_delay                 3167        0         0       439        0        0

           Trick     Calls     Accepts   Attempts    Time(secs) 
-----------------------------------------------------------
       crit_upsz         0  (        0 /        0 )  0.00
    plc_bal_star         0  (        0 /        0 )  0.00
     drc_buftimb         0  (        0 /        0 )  0.00
          plc_st         0  (        0 /        0 )  0.00
    plc_st_fence         0  (        0 /        0 )  0.00
        plc_star         0  (        0 /        0 )  0.00
      plc_laf_st         0  (        0 /        0 )  0.00
 plc_laf_st_fence         0  (        0 /        0 )  0.00
     drc_buftims         0  (        0 /        0 )  0.00
   plc_laf_lo_st         0  (        0 /        0 )  0.00
       plc_lo_st         0  (        0 /        0 )  0.00
            fopt         0  (        0 /        0 )  0.00
       crit_dnsz         0  (        0 /        0 )  0.00
             dup         0  (        0 /        0 )  0.00
            fopt         0  (        0 /        0 )  0.00
        setup_dn         0  (        0 /        0 )  0.00
         buf2inv         0  (        0 /        0 )  0.00
             exp         0  (        0 /        0 )  0.00
       gate_deco         0  (        0 /        0 )  0.00
       gcomp_tim         0  (        0 /        0 )  0.00
  inv_pair_2_buf         0  (        0 /        0 )  0.00

 init_drc                   3167        0         0       439        0        0

           Trick     Calls     Accepts   Attempts    Time(secs) 
-----------------------------------------------------------
          plc_st        24  (        0 /        0 )  0.00
        plc_star        24  (        0 /        0 )  0.00
        drc_bufs       120  (        0 /       96 )  0.04
        drc_fopt        24  (        0 /       24 )  0.02
        drc_bufb        24  (        0 /        0 )  0.00
      simple_buf        24  (        0 /        0 )  0.05
             dup        24  (        0 /        0 )  0.00
       crit_dnsz         0  (        0 /        0 )  0.00
       crit_upsz        24  (        0 /        0 )  0.04


           Trick     Calls     Accepts   Attempts    Time(secs) 
-----------------------------------------------------------
          plc_st         0  (        0 /        0 )  0.00
        plc_star         0  (        0 /        0 )  0.00
        drc_bufs         0  (        0 /        0 )  0.00
        drc_fopt         0  (        0 /        0 )  0.00
        drc_bufb         0  (        0 /        0 )  0.00
      simple_buf         0  (        0 /        0 )  0.00
             dup         0  (        0 /        0 )  0.00
       crit_dnsz         0  (        0 /        0 )  0.00
       crit_upsz         0  (        0 /        0 )  0.00


           Trick     Calls     Accepts   Attempts    Time(secs) 
-----------------------------------------------------------
          plc_st         0  (        0 /        0 )  0.00
        plc_star         0  (        0 /        0 )  0.00
        drc_bufs         0  (        0 /        0 )  0.00
        drc_fopt         0  (        0 /        0 )  0.00
        drc_bufb         0  (        0 /        0 )  0.00
             dup         0  (        0 /        0 )  0.00
       crit_dnsz         0  (        0 /        0 )  0.00
       crit_upsz         0  (        0 /        0 )  0.00

 init_area                  3167        0         0       439        0        0

           Trick     Calls     Accepts   Attempts    Time(secs) 
-----------------------------------------------------------
           undup         0  (        0 /        0 )  0.00
         rem_buf        24  (        0 /        0 )  0.02
         rem_inv         0  (        0 /        0 )  0.00
        merge_bi         0  (        0 /        0 )  0.00
      rem_inv_qb         0  (        0 /        0 )  0.00
        io_phase         0  (        0 /        0 )  0.00
       gate_comp         8  (        0 /        4 )  0.03
       gcomp_mog         0  (        0 /        0 )  0.01
       glob_area        10  (        0 /       10 )  0.04
       area_down        38  (        0 /        9 )  0.08
      size_n_buf         0  (        0 /        0 )  0.00
  gate_deco_area         0  (        0 /        0 )  0.00

Info    : Done incrementally optimizing. [SYNTH-8]
        : Done incrementally optimizing 'uart_top'.
     flow.cputime  flow.realtime  timing.setup.tns  timing.setup.wns  snapshot
UM:            41           1339                                      synthesize
@genus:root: 15> write -mapped > ../output/uart_top.v
@genus:root: 16> write_sdc  > ../output/uart_top.sdc
Finished SDC export (command execution time mm:ss (real) = 00:00).
@genus:root: 17> report_area > ../report/area.log
@genus:root: 18> report_timing -nworst 10 > ../report/timing.log
Warning : Possible timing problems have been detected in this design. [TIM-11]
        : The design is 'uart_top'.
        : Use 'report timing -lint' for more information.
@genus:root: 19> report_port * > ../report/ports_final.log
@genus:root: 20> report_power > ../report/power.log
@genus:root: 21> gui_show
no gcells found!
Failed to print schematic: lpr: Error - no default destination available.
Failed to print schematic: lpr: Error - no default destination available.
Failed to print schematic: lpr: Error - no default destination available.
Normal exit.